[debug] [2026-01-31T17:35:02.203Z] [Firebase Plugin] Activating Firebase extension.
[debug] [2026-01-31T17:35:07.327Z] [Firebase Plugin] requireAuthWrapper
[debug] [2026-01-31T17:35:07.350Z] > command requires scopes: ["email","openid","https://www.googleapis.com/auth/cloudplatformprojects.readonly","https://www.googleapis.com/auth/firebase","https://www.googleapis.com/auth/cloud-platform"]
[debug] [2026-01-31T17:35:07.351Z] > authorizing via signed-in user (omer.cohen@bimagics.com)
[debug] [2026-01-31T17:35:07.357Z] Checked if tokens are valid: false, expires at: 1769603935598
[debug] [2026-01-31T17:35:07.358Z] Checked if tokens are valid: false, expires at: 1769603935598
[debug] [2026-01-31T17:35:07.359Z] > refreshing access token with scopes: []
[debug] [2026-01-31T17:35:07.362Z] >>> [apiv2][query] POST https://www.googleapis.com/oauth2/v3/token [none]
[debug] [2026-01-31T17:35:07.363Z] >>> [apiv2][body] POST https://www.googleapis.com/oauth2/v3/token [omitted]
[info] [Firebase Plugin] Starting Data Connect toolkit (version 3.1.1) on port 50002
[info] i  dataconnect: downloading dataconnect-emulator-3.1.1.exe... {"metadata":{"emulator":{"name":"dataconnect"},"message":"downloading dataconnect-emulator-3.1.1.exe..."}}
[debug] [2026-01-31T17:35:08.194Z] >>> [apiv2][query] GET https://storage.googleapis.com/firemat-preview-drop/emulator/dataconnect-emulator-windows-amd64-v3.1.1 
[debug] [2026-01-31T17:35:08.259Z] <<< [apiv2][status] POST https://www.googleapis.com/oauth2/v3/token 400
[debug] [2026-01-31T17:35:08.259Z] <<< [apiv2][body] POST https://www.googleapis.com/oauth2/v3/token [omitted]
[error] Authentication Error: Your credentials are no longer valid. Please run firebase login --reauth

For CI servers and headless environments, generate a new token with firebase login:ci
[error] Authentication Error: Your credentials are no longer valid. Please run firebase login --reauth

For CI servers and headless environments, generate a new token with firebase login:ci
[error] [Firebase Plugin] requireAuth error: Authentication Error: Your credentials are no longer valid. Please run firebase login --reauth

For CI servers and headless environments, generate a new token with firebase login:ci
[debug] [2026-01-31T17:35:08.564Z] <<< [apiv2][status] GET https://storage.googleapis.com/firemat-preview-drop/emulator/dataconnect-emulator-windows-amd64-v3.1.1 200
[debug] [2026-01-31T17:35:08.565Z] <<< [apiv2][body] GET https://storage.googleapis.com/firemat-preview-drop/emulator/dataconnect-emulator-windows-amd64-v3.1.1 [stream]
[info] i  dataconnect: Removing outdated emulator files: dataconnect-emulator-3.1.0.exe {"metadata":{"emulator":{"name":"dataconnect"},"message":"Removing outdated emulator files: dataconnect-emulator-3.1.0.exe"}}
[debug] [2026-01-31T17:35:15.983Z] 'fdc build' failed with error: EPERM: operation not permitted, unlink 'C:\Users\Omer Cohen\.cache\firebase\emulators\dataconnect-emulator-3.1.0.exe' {"metadata":{"emulator":{"name":"dataconnect"},"message":"'fdc build' failed with error: EPERM: operation not permitted, unlink 'C:\\Users\\Omer Cohen\\.cache\\firebase\\emulators\\dataconnect-emulator-3.1.0.exe'"}}
[debug] [2026-01-31T17:35:15.985Z] Ignoring unsupported arg: auto_download {"metadata":{"emulator":{"name":"dataconnect"},"message":"Ignoring unsupported arg: auto_download"}}
[debug] [2026-01-31T17:35:15.986Z] Ignoring unsupported arg: port {"metadata":{"emulator":{"name":"dataconnect"},"message":"Ignoring unsupported arg: port"}}
[debug] [2026-01-31T17:35:15.987Z] Starting Data Connect Emulator with command {"binary":"C:\\Users\\Omer Cohen\\.cache\\firebase\\emulators\\dataconnect-emulator-3.1.1.exe","args":["--logtostderr","-v=2","dev","--listen=localhost:50002","--config_dir=c:\\Users\\Omer Cohen\\wizbi\\wizbi-cp\\dataconnect","--enable_output_schema_extensions=true","--enable_output_generated_sdk=true"],"optionalArgs":["listen","config_dir","enable_output_schema_extensions","enable_output_generated_sdk"],"joinArgs":true,"shell":false,"port":9399} {"metadata":{"emulator":{"name":"dataconnect"},"message":"Starting Data Connect Emulator with command {\"binary\":\"C:\\\\Users\\\\Omer Cohen\\\\.cache\\\\firebase\\\\emulators\\\\dataconnect-emulator-3.1.1.exe\",\"args\":[\"--logtostderr\",\"-v=2\",\"dev\",\"--listen=localhost:50002\",\"--config_dir=c:\\\\Users\\\\Omer Cohen\\\\wizbi\\\\wizbi-cp\\\\dataconnect\",\"--enable_output_schema_extensions=true\",\"--enable_output_generated_sdk=true\"],\"optionalArgs\":[\"listen\",\"config_dir\",\"enable_output_schema_extensions\",\"enable_output_generated_sdk\"],\"joinArgs\":true,\"shell\":false,\"port\":9399}"}}
[info] i  dataconnect: Data Connect Emulator logging to dataconnect-debug.log {"metadata":{"emulator":{"name":"dataconnect"},"message":"Data Connect Emulator logging to \u001b[1mdataconnect-debug.log\u001b[22m"}}
[debug] [2026-01-31T17:35:16.679Z] E0131 19:35:16.234674   17828 dev.go:83] Failed to load initial config from "c:\\Users\\Omer Cohen\\wizbi\\wizbi-cp\\dataconnect": could not find dataconnect.yaml in `c:\Users\Omer Cohen\wizbi\wizbi-cp\dataconnect`
E0131 19:35:16.266489   17828 watch.go:116] watchAllDir unable to walk dir `c:\Users\Omer Cohen\wizbi\wizbi-cp\dataconnect`: CreateFile c:\Users\Omer Cohen\wizbi\wizbi-cp\dataconnect: The system cannot find the file specified.
I0131 19:35:16.295338   17828 dev.go:104] Listening on address (HTTP + gRPC): 127.0.0.1:50002
 {"metadata":{"emulator":{"name":"dataconnect"},"message":"E0131 19:35:16.234674   17828 dev.go:83] Failed to load initial config from \"c:\\\\Users\\\\Omer Cohen\\\\wizbi\\\\wizbi-cp\\\\dataconnect\": could not find dataconnect.yaml in `c:\\Users\\Omer Cohen\\wizbi\\wizbi-cp\\dataconnect`\nE0131 19:35:16.266489   17828 watch.go:116] watchAllDir unable to walk dir `c:\\Users\\Omer Cohen\\wizbi\\wizbi-cp\\dataconnect`: CreateFile c:\\Users\\Omer Cohen\\wizbi\\wizbi-cp\\dataconnect: The system cannot find the file specified.\nI0131 19:35:16.295338   17828 dev.go:104] Listening on address (HTTP + gRPC): 127.0.0.1:50002\n"}}
[error] [Firebase Plugin] error:  {}
[debug] [2026-01-31T17:35:26.267Z] E0131 19:35:26.267378   17828 watch.go:40] Failed to load config from "c:\\Users\\Omer Cohen\\wizbi\\wizbi-cp\\dataconnect": could not find dataconnect.yaml in `c:\Users\Omer Cohen\wizbi\wizbi-cp\dataconnect`
 {"metadata":{"emulator":{"name":"dataconnect"},"message":"E0131 19:35:26.267378   17828 watch.go:40] Failed to load config from \"c:\\\\Users\\\\Omer Cohen\\\\wizbi\\\\wizbi-cp\\\\dataconnect\": could not find dataconnect.yaml in `c:\\Users\\Omer Cohen\\wizbi\\wizbi-cp\\dataconnect`\n"}}
[debug] [2026-01-31T17:35:36.267Z] E0131 19:35:36.267633   17828 watch.go:40] Failed to load config from "c:\\Users\\Omer Cohen\\wizbi\\wizbi-cp\\dataconnect": could not find dataconnect.yaml in `c:\Users\Omer Cohen\wizbi\wizbi-cp\dataconnect`
 {"metadata":{"emulator":{"name":"dataconnect"},"message":"E0131 19:35:36.267633   17828 watch.go:40] Failed to load config from \"c:\\\\Users\\\\Omer Cohen\\\\wizbi\\\\wizbi-cp\\\\dataconnect\": could not find dataconnect.yaml in `c:\\Users\\Omer Cohen\\wizbi\\wizbi-cp\\dataconnect`\n"}}
[debug] [2026-01-31T17:35:46.268Z] E0131 19:35:46.267937   17828 watch.go:40] Failed to load config from "c:\\Users\\Omer Cohen\\wizbi\\wizbi-cp\\dataconnect": could not find dataconnect.yaml in `c:\Users\Omer Cohen\wizbi\wizbi-cp\dataconnect`
 {"metadata":{"emulator":{"name":"dataconnect"},"message":"E0131 19:35:46.267937   17828 watch.go:40] Failed to load config from \"c:\\\\Users\\\\Omer Cohen\\\\wizbi\\\\wizbi-cp\\\\dataconnect\": could not find dataconnect.yaml in `c:\\Users\\Omer Cohen\\wizbi\\wizbi-cp\\dataconnect`\n"}}
[debug] [2026-01-31T17:35:56.268Z] E0131 19:35:56.267615   17828 watch.go:40] Failed to load config from "c:\\Users\\Omer Cohen\\wizbi\\wizbi-cp\\dataconnect": could not find dataconnect.yaml in `c:\Users\Omer Cohen\wizbi\wizbi-cp\dataconnect`
 {"metadata":{"emulator":{"name":"dataconnect"},"message":"E0131 19:35:56.267615   17828 watch.go:40] Failed to load config from \"c:\\\\Users\\\\Omer Cohen\\\\wizbi\\\\wizbi-cp\\\\dataconnect\": could not find dataconnect.yaml in `c:\\Users\\Omer Cohen\\wizbi\\wizbi-cp\\dataconnect`\n"}}
[debug] [2026-01-31T17:36:08.122Z] E0131 19:36:06.267638   17828 watch.go:40] Failed to load config from "c:\\Users\\Omer Cohen\\wizbi\\wizbi-cp\\dataconnect": could not find dataconnect.yaml in `c:\Users\Omer Cohen\wizbi\wizbi-cp\dataconnect`
 {"metadata":{"emulator":{"name":"dataconnect"},"message":"E0131 19:36:06.267638   17828 watch.go:40] Failed to load config from \"c:\\\\Users\\\\Omer Cohen\\\\wizbi\\\\wizbi-cp\\\\dataconnect\": could not find dataconnect.yaml in `c:\\Users\\Omer Cohen\\wizbi\\wizbi-cp\\dataconnect`\n"}}
[debug] [2026-01-31T17:36:16.267Z] E0131 19:36:16.267271   17828 watch.go:116] watchAllDir unable to walk dir `c:\Users\Omer Cohen\wizbi\wizbi-cp\dataconnect`: CreateFile c:\Users\Omer Cohen\wizbi\wizbi-cp\dataconnect: The system cannot find the file specified.
 {"metadata":{"emulator":{"name":"dataconnect"},"message":"E0131 19:36:16.267271   17828 watch.go:116] watchAllDir unable to walk dir `c:\\Users\\Omer Cohen\\wizbi\\wizbi-cp\\dataconnect`: CreateFile c:\\Users\\Omer Cohen\\wizbi\\wizbi-cp\\dataconnect: The system cannot find the file specified.\n"}}
[debug] [2026-01-31T17:36:16.267Z] E0131 19:36:16.267271   17828 watch.go:40] Failed to load config from "c:\\Users\\Omer Cohen\\wizbi\\wizbi-cp\\dataconnect": could not find dataconnect.yaml in `c:\Users\Omer Cohen\wizbi\wizbi-cp\dataconnect`
 {"metadata":{"emulator":{"name":"dataconnect"},"message":"E0131 19:36:16.267271   17828 watch.go:40] Failed to load config from \"c:\\\\Users\\\\Omer Cohen\\\\wizbi\\\\wizbi-cp\\\\dataconnect\": could not find dataconnect.yaml in `c:\\Users\\Omer Cohen\\wizbi\\wizbi-cp\\dataconnect`\n"}}
[debug] [2026-01-31T17:36:26.267Z] E0131 19:36:26.267506   17828 watch.go:40] Failed to load config from "c:\\Users\\Omer Cohen\\wizbi\\wizbi-cp\\dataconnect": could not find dataconnect.yaml in `c:\Users\Omer Cohen\wizbi\wizbi-cp\dataconnect`
 {"metadata":{"emulator":{"name":"dataconnect"},"message":"E0131 19:36:26.267506   17828 watch.go:40] Failed to load config from \"c:\\\\Users\\\\Omer Cohen\\\\wizbi\\\\wizbi-cp\\\\dataconnect\": could not find dataconnect.yaml in `c:\\Users\\Omer Cohen\\wizbi\\wizbi-cp\\dataconnect`\n"}}
[debug] [2026-01-31T17:36:36.267Z] E0131 19:36:36.267468   17828 watch.go:40] Failed to load config from "c:\\Users\\Omer Cohen\\wizbi\\wizbi-cp\\dataconnect": could not find dataconnect.yaml in `c:\Users\Omer Cohen\wizbi\wizbi-cp\dataconnect`
 {"metadata":{"emulator":{"name":"dataconnect"},"message":"E0131 19:36:36.267468   17828 watch.go:40] Failed to load config from \"c:\\\\Users\\\\Omer Cohen\\\\wizbi\\\\wizbi-cp\\\\dataconnect\": could not find dataconnect.yaml in `c:\\Users\\Omer Cohen\\wizbi\\wizbi-cp\\dataconnect`\n"}}
[debug] [2026-01-31T17:36:46.268Z] E0131 19:36:46.267854   17828 watch.go:40] Failed to load config from "c:\\Users\\Omer Cohen\\wizbi\\wizbi-cp\\dataconnect": could not find dataconnect.yaml in `c:\Users\Omer Cohen\wizbi\wizbi-cp\dataconnect`
 {"metadata":{"emulator":{"name":"dataconnect"},"message":"E0131 19:36:46.267854   17828 watch.go:40] Failed to load config from \"c:\\\\Users\\\\Omer Cohen\\\\wizbi\\\\wizbi-cp\\\\dataconnect\": could not find dataconnect.yaml in `c:\\Users\\Omer Cohen\\wizbi\\wizbi-cp\\dataconnect`\n"}}
[debug] [2026-01-31T17:36:56.267Z] E0131 19:36:56.267382   17828 watch.go:40] Failed to load config from "c:\\Users\\Omer Cohen\\wizbi\\wizbi-cp\\dataconnect": could not find dataconnect.yaml in `c:\Users\Omer Cohen\wizbi\wizbi-cp\dataconnect`
 {"metadata":{"emulator":{"name":"dataconnect"},"message":"E0131 19:36:56.267382   17828 watch.go:40] Failed to load config from \"c:\\\\Users\\\\Omer Cohen\\\\wizbi\\\\wizbi-cp\\\\dataconnect\": could not find dataconnect.yaml in `c:\\Users\\Omer Cohen\\wizbi\\wizbi-cp\\dataconnect`\n"}}
[debug] [2026-01-31T17:37:06.267Z] E0131 19:37:06.267833   17828 watch.go:40] Failed to load config from "c:\\Users\\Omer Cohen\\wizbi\\wizbi-cp\\dataconnect": could not find dataconnect.yaml in `c:\Users\Omer Cohen\wizbi\wizbi-cp\dataconnect`
 {"metadata":{"emulator":{"name":"dataconnect"},"message":"E0131 19:37:06.267833   17828 watch.go:40] Failed to load config from \"c:\\\\Users\\\\Omer Cohen\\\\wizbi\\\\wizbi-cp\\\\dataconnect\": could not find dataconnect.yaml in `c:\\Users\\Omer Cohen\\wizbi\\wizbi-cp\\dataconnect`\n"}}
[debug] [2026-01-31T17:37:16.267Z] E0131 19:37:16.267498   17828 watch.go:116] watchAllDir unable to walk dir `c:\Users\Omer Cohen\wizbi\wizbi-cp\dataconnect`: CreateFile c:\Users\Omer Cohen\wizbi\wizbi-cp\dataconnect: The system cannot find the file specified.
 {"metadata":{"emulator":{"name":"dataconnect"},"message":"E0131 19:37:16.267498   17828 watch.go:116] watchAllDir unable to walk dir `c:\\Users\\Omer Cohen\\wizbi\\wizbi-cp\\dataconnect`: CreateFile c:\\Users\\Omer Cohen\\wizbi\\wizbi-cp\\dataconnect: The system cannot find the file specified.\n"}}
[debug] [2026-01-31T17:37:16.269Z] E0131 19:37:16.268389   17828 watch.go:40] Failed to load config from "c:\\Users\\Omer Cohen\\wizbi\\wizbi-cp\\dataconnect": could not find dataconnect.yaml in `c:\Users\Omer Cohen\wizbi\wizbi-cp\dataconnect`
 {"metadata":{"emulator":{"name":"dataconnect"},"message":"E0131 19:37:16.268389   17828 watch.go:40] Failed to load config from \"c:\\\\Users\\\\Omer Cohen\\\\wizbi\\\\wizbi-cp\\\\dataconnect\": could not find dataconnect.yaml in `c:\\Users\\Omer Cohen\\wizbi\\wizbi-cp\\dataconnect`\n"}}
[debug] [2026-01-31T17:37:26.268Z] E0131 19:37:26.268753   17828 watch.go:40] Failed to load config from "c:\\Users\\Omer Cohen\\wizbi\\wizbi-cp\\dataconnect": could not find dataconnect.yaml in `c:\Users\Omer Cohen\wizbi\wizbi-cp\dataconnect`
 {"metadata":{"emulator":{"name":"dataconnect"},"message":"E0131 19:37:26.268753   17828 watch.go:40] Failed to load config from \"c:\\\\Users\\\\Omer Cohen\\\\wizbi\\\\wizbi-cp\\\\dataconnect\": could not find dataconnect.yaml in `c:\\Users\\Omer Cohen\\wizbi\\wizbi-cp\\dataconnect`\n"}}
[debug] [2026-01-31T17:37:36.267Z] E0131 19:37:36.267876   17828 watch.go:40] Failed to load config from "c:\\Users\\Omer Cohen\\wizbi\\wizbi-cp\\dataconnect": could not find dataconnect.yaml in `c:\Users\Omer Cohen\wizbi\wizbi-cp\dataconnect`
 {"metadata":{"emulator":{"name":"dataconnect"},"message":"E0131 19:37:36.267876   17828 watch.go:40] Failed to load config from \"c:\\\\Users\\\\Omer Cohen\\\\wizbi\\\\wizbi-cp\\\\dataconnect\": could not find dataconnect.yaml in `c:\\Users\\Omer Cohen\\wizbi\\wizbi-cp\\dataconnect`\n"}}
[debug] [2026-01-31T17:37:46.267Z] E0131 19:37:46.267459   17828 watch.go:40] Failed to load config from "c:\\Users\\Omer Cohen\\wizbi\\wizbi-cp\\dataconnect": could not find dataconnect.yaml in `c:\Users\Omer Cohen\wizbi\wizbi-cp\dataconnect`
 {"metadata":{"emulator":{"name":"dataconnect"},"message":"E0131 19:37:46.267459   17828 watch.go:40] Failed to load config from \"c:\\\\Users\\\\Omer Cohen\\\\wizbi\\\\wizbi-cp\\\\dataconnect\": could not find dataconnect.yaml in `c:\\Users\\Omer Cohen\\wizbi\\wizbi-cp\\dataconnect`\n"}}
[debug] [2026-01-31T17:37:56.267Z] E0131 19:37:56.267192   17828 watch.go:40] Failed to load config from "c:\\Users\\Omer Cohen\\wizbi\\wizbi-cp\\dataconnect": could not find dataconnect.yaml in `c:\Users\Omer Cohen\wizbi\wizbi-cp\dataconnect`
 {"metadata":{"emulator":{"name":"dataconnect"},"message":"E0131 19:37:56.267192   17828 watch.go:40] Failed to load config from \"c:\\\\Users\\\\Omer Cohen\\\\wizbi\\\\wizbi-cp\\\\dataconnect\": could not find dataconnect.yaml in `c:\\Users\\Omer Cohen\\wizbi\\wizbi-cp\\dataconnect`\n"}}
[debug] [2026-01-31T17:38:06.267Z] E0131 19:38:06.267555   17828 watch.go:40] Failed to load config from "c:\\Users\\Omer Cohen\\wizbi\\wizbi-cp\\dataconnect": could not find dataconnect.yaml in `c:\Users\Omer Cohen\wizbi\wizbi-cp\dataconnect`
 {"metadata":{"emulator":{"name":"dataconnect"},"message":"E0131 19:38:06.267555   17828 watch.go:40] Failed to load config from \"c:\\\\Users\\\\Omer Cohen\\\\wizbi\\\\wizbi-cp\\\\dataconnect\": could not find dataconnect.yaml in `c:\\Users\\Omer Cohen\\wizbi\\wizbi-cp\\dataconnect`\n"}}
[debug] [2026-01-31T17:38:16.267Z] E0131 19:38:16.267518   17828 watch.go:116] watchAllDir unable to walk dir `c:\Users\Omer Cohen\wizbi\wizbi-cp\dataconnect`: CreateFile c:\Users\Omer Cohen\wizbi\wizbi-cp\dataconnect: The system cannot find the file specified.
E0131 19:38:16.267518   17828 watch.go:40] Failed to load config from "c:\\Users\\Omer Cohen\\wizbi\\wizbi-cp\\dataconnect": could not find dataconnect.yaml in `c:\Users\Omer Cohen\wizbi\wizbi-cp\dataconnect`
 {"metadata":{"emulator":{"name":"dataconnect"},"message":"E0131 19:38:16.267518   17828 watch.go:116] watchAllDir unable to walk dir `c:\\Users\\Omer Cohen\\wizbi\\wizbi-cp\\dataconnect`: CreateFile c:\\Users\\Omer Cohen\\wizbi\\wizbi-cp\\dataconnect: The system cannot find the file specified.\nE0131 19:38:16.267518   17828 watch.go:40] Failed to load config from \"c:\\\\Users\\\\Omer Cohen\\\\wizbi\\\\wizbi-cp\\\\dataconnect\": could not find dataconnect.yaml in `c:\\Users\\Omer Cohen\\wizbi\\wizbi-cp\\dataconnect`\n"}}
[debug] [2026-01-31T17:38:26.267Z] E0131 19:38:26.267910   17828 watch.go:40] Failed to load config from "c:\\Users\\Omer Cohen\\wizbi\\wizbi-cp\\dataconnect": could not find dataconnect.yaml in `c:\Users\Omer Cohen\wizbi\wizbi-cp\dataconnect`
 {"metadata":{"emulator":{"name":"dataconnect"},"message":"E0131 19:38:26.267910   17828 watch.go:40] Failed to load config from \"c:\\\\Users\\\\Omer Cohen\\\\wizbi\\\\wizbi-cp\\\\dataconnect\": could not find dataconnect.yaml in `c:\\Users\\Omer Cohen\\wizbi\\wizbi-cp\\dataconnect`\n"}}
[debug] [2026-01-31T17:38:36.267Z] E0131 19:38:36.267284   17828 watch.go:40] Failed to load config from "c:\\Users\\Omer Cohen\\wizbi\\wizbi-cp\\dataconnect": could not find dataconnect.yaml in `c:\Users\Omer Cohen\wizbi\wizbi-cp\dataconnect`
 {"metadata":{"emulator":{"name":"dataconnect"},"message":"E0131 19:38:36.267284   17828 watch.go:40] Failed to load config from \"c:\\\\Users\\\\Omer Cohen\\\\wizbi\\\\wizbi-cp\\\\dataconnect\": could not find dataconnect.yaml in `c:\\Users\\Omer Cohen\\wizbi\\wizbi-cp\\dataconnect`\n"}}
[debug] [2026-01-31T17:38:46.267Z] E0131 19:38:46.267150   17828 watch.go:40] Failed to load config from "c:\\Users\\Omer Cohen\\wizbi\\wizbi-cp\\dataconnect": could not find dataconnect.yaml in `c:\Users\Omer Cohen\wizbi\wizbi-cp\dataconnect`
 {"metadata":{"emulator":{"name":"dataconnect"},"message":"E0131 19:38:46.267150   17828 watch.go:40] Failed to load config from \"c:\\\\Users\\\\Omer Cohen\\\\wizbi\\\\wizbi-cp\\\\dataconnect\": could not find dataconnect.yaml in `c:\\Users\\Omer Cohen\\wizbi\\wizbi-cp\\dataconnect`\n"}}
[debug] [2026-01-31T17:38:56.267Z] E0131 19:38:56.267598   17828 watch.go:40] Failed to load config from "c:\\Users\\Omer Cohen\\wizbi\\wizbi-cp\\dataconnect": could not find dataconnect.yaml in `c:\Users\Omer Cohen\wizbi\wizbi-cp\dataconnect`
 {"metadata":{"emulator":{"name":"dataconnect"},"message":"E0131 19:38:56.267598   17828 watch.go:40] Failed to load config from \"c:\\\\Users\\\\Omer Cohen\\\\wizbi\\\\wizbi-cp\\\\dataconnect\": could not find dataconnect.yaml in `c:\\Users\\Omer Cohen\\wizbi\\wizbi-cp\\dataconnect`\n"}}
[debug] [2026-01-31T17:39:06.267Z] E0131 19:39:06.267256   17828 watch.go:40] Failed to load config from "c:\\Users\\Omer Cohen\\wizbi\\wizbi-cp\\dataconnect": could not find dataconnect.yaml in `c:\Users\Omer Cohen\wizbi\wizbi-cp\dataconnect`
 {"metadata":{"emulator":{"name":"dataconnect"},"message":"E0131 19:39:06.267256   17828 watch.go:40] Failed to load config from \"c:\\\\Users\\\\Omer Cohen\\\\wizbi\\\\wizbi-cp\\\\dataconnect\": could not find dataconnect.yaml in `c:\\Users\\Omer Cohen\\wizbi\\wizbi-cp\\dataconnect`\n"}}
[debug] [2026-01-31T17:39:16.267Z] E0131 19:39:16.267652   17828 watch.go:116] watchAllDir unable to walk dir `c:\Users\Omer Cohen\wizbi\wizbi-cp\dataconnect`: CreateFile c:\Users\Omer Cohen\wizbi\wizbi-cp\dataconnect: The system cannot find the file specified.
 {"metadata":{"emulator":{"name":"dataconnect"},"message":"E0131 19:39:16.267652   17828 watch.go:116] watchAllDir unable to walk dir `c:\\Users\\Omer Cohen\\wizbi\\wizbi-cp\\dataconnect`: CreateFile c:\\Users\\Omer Cohen\\wizbi\\wizbi-cp\\dataconnect: The system cannot find the file specified.\n"}}
[debug] [2026-01-31T17:39:16.268Z] E0131 19:39:16.267652   17828 watch.go:40] Failed to load config from "c:\\Users\\Omer Cohen\\wizbi\\wizbi-cp\\dataconnect": could not find dataconnect.yaml in `c:\Users\Omer Cohen\wizbi\wizbi-cp\dataconnect`
 {"metadata":{"emulator":{"name":"dataconnect"},"message":"E0131 19:39:16.267652   17828 watch.go:40] Failed to load config from \"c:\\\\Users\\\\Omer Cohen\\\\wizbi\\\\wizbi-cp\\\\dataconnect\": could not find dataconnect.yaml in `c:\\Users\\Omer Cohen\\wizbi\\wizbi-cp\\dataconnect`\n"}}
[debug] [2026-01-31T17:39:26.267Z] E0131 19:39:26.267528   17828 watch.go:40] Failed to load config from "c:\\Users\\Omer Cohen\\wizbi\\wizbi-cp\\dataconnect": could not find dataconnect.yaml in `c:\Users\Omer Cohen\wizbi\wizbi-cp\dataconnect`
 {"metadata":{"emulator":{"name":"dataconnect"},"message":"E0131 19:39:26.267528   17828 watch.go:40] Failed to load config from \"c:\\\\Users\\\\Omer Cohen\\\\wizbi\\\\wizbi-cp\\\\dataconnect\": could not find dataconnect.yaml in `c:\\Users\\Omer Cohen\\wizbi\\wizbi-cp\\dataconnect`\n"}}
[debug] [2026-01-31T17:39:36.267Z] E0131 19:39:36.267800   17828 watch.go:40] Failed to load config from "c:\\Users\\Omer Cohen\\wizbi\\wizbi-cp\\dataconnect": could not find dataconnect.yaml in `c:\Users\Omer Cohen\wizbi\wizbi-cp\dataconnect`
 {"metadata":{"emulator":{"name":"dataconnect"},"message":"E0131 19:39:36.267800   17828 watch.go:40] Failed to load config from \"c:\\\\Users\\\\Omer Cohen\\\\wizbi\\\\wizbi-cp\\\\dataconnect\": could not find dataconnect.yaml in `c:\\Users\\Omer Cohen\\wizbi\\wizbi-cp\\dataconnect`\n"}}
[debug] [2026-01-31T17:39:46.267Z] E0131 19:39:46.267964   17828 watch.go:40] Failed to load config from "c:\\Users\\Omer Cohen\\wizbi\\wizbi-cp\\dataconnect": could not find dataconnect.yaml in `c:\Users\Omer Cohen\wizbi\wizbi-cp\dataconnect`
 {"metadata":{"emulator":{"name":"dataconnect"},"message":"E0131 19:39:46.267964   17828 watch.go:40] Failed to load config from \"c:\\\\Users\\\\Omer Cohen\\\\wizbi\\\\wizbi-cp\\\\dataconnect\": could not find dataconnect.yaml in `c:\\Users\\Omer Cohen\\wizbi\\wizbi-cp\\dataconnect`\n"}}
[debug] [2026-01-31T17:39:56.268Z] E0131 19:39:56.267703   17828 watch.go:40] Failed to load config from "c:\\Users\\Omer Cohen\\wizbi\\wizbi-cp\\dataconnect": could not find dataconnect.yaml in `c:\Users\Omer Cohen\wizbi\wizbi-cp\dataconnect`
 {"metadata":{"emulator":{"name":"dataconnect"},"message":"E0131 19:39:56.267703   17828 watch.go:40] Failed to load config from \"c:\\\\Users\\\\Omer Cohen\\\\wizbi\\\\wizbi-cp\\\\dataconnect\": could not find dataconnect.yaml in `c:\\Users\\Omer Cohen\\wizbi\\wizbi-cp\\dataconnect`\n"}}
[debug] [2026-01-31T17:40:06.267Z] E0131 19:40:06.267398   17828 watch.go:40] Failed to load config from "c:\\Users\\Omer Cohen\\wizbi\\wizbi-cp\\dataconnect": could not find dataconnect.yaml in `c:\Users\Omer Cohen\wizbi\wizbi-cp\dataconnect`
 {"metadata":{"emulator":{"name":"dataconnect"},"message":"E0131 19:40:06.267398   17828 watch.go:40] Failed to load config from \"c:\\\\Users\\\\Omer Cohen\\\\wizbi\\\\wizbi-cp\\\\dataconnect\": could not find dataconnect.yaml in `c:\\Users\\Omer Cohen\\wizbi\\wizbi-cp\\dataconnect`\n"}}
[debug] [2026-01-31T17:40:16.273Z] E0131 19:40:16.272814   17828 watch.go:116] watchAllDir unable to walk dir `c:\Users\Omer Cohen\wizbi\wizbi-cp\dataconnect`: CreateFile c:\Users\Omer Cohen\wizbi\wizbi-cp\dataconnect: The system cannot find the file specified.
 {"metadata":{"emulator":{"name":"dataconnect"},"message":"E0131 19:40:16.272814   17828 watch.go:116] watchAllDir unable to walk dir `c:\\Users\\Omer Cohen\\wizbi\\wizbi-cp\\dataconnect`: CreateFile c:\\Users\\Omer Cohen\\wizbi\\wizbi-cp\\dataconnect: The system cannot find the file specified.\n"}}
[debug] [2026-01-31T17:40:16.284Z] E0131 19:40:16.284864   17828 watch.go:40] Failed to load config from "c:\\Users\\Omer Cohen\\wizbi\\wizbi-cp\\dataconnect": could not find dataconnect.yaml in `c:\Users\Omer Cohen\wizbi\wizbi-cp\dataconnect`
 {"metadata":{"emulator":{"name":"dataconnect"},"message":"E0131 19:40:16.284864   17828 watch.go:40] Failed to load config from \"c:\\\\Users\\\\Omer Cohen\\\\wizbi\\\\wizbi-cp\\\\dataconnect\": could not find dataconnect.yaml in `c:\\Users\\Omer Cohen\\wizbi\\wizbi-cp\\dataconnect`\n"}}
[debug] [2026-01-31T17:40:26.267Z] E0131 19:40:26.267451   17828 watch.go:40] Failed to load config from "c:\\Users\\Omer Cohen\\wizbi\\wizbi-cp\\dataconnect": could not find dataconnect.yaml in `c:\Users\Omer Cohen\wizbi\wizbi-cp\dataconnect`
 {"metadata":{"emulator":{"name":"dataconnect"},"message":"E0131 19:40:26.267451   17828 watch.go:40] Failed to load config from \"c:\\\\Users\\\\Omer Cohen\\\\wizbi\\\\wizbi-cp\\\\dataconnect\": could not find dataconnect.yaml in `c:\\Users\\Omer Cohen\\wizbi\\wizbi-cp\\dataconnect`\n"}}
[debug] [2026-01-31T17:40:36.267Z] E0131 19:40:36.267363   17828 watch.go:40] Failed to load config from "c:\\Users\\Omer Cohen\\wizbi\\wizbi-cp\\dataconnect": could not find dataconnect.yaml in `c:\Users\Omer Cohen\wizbi\wizbi-cp\dataconnect`
 {"metadata":{"emulator":{"name":"dataconnect"},"message":"E0131 19:40:36.267363   17828 watch.go:40] Failed to load config from \"c:\\\\Users\\\\Omer Cohen\\\\wizbi\\\\wizbi-cp\\\\dataconnect\": could not find dataconnect.yaml in `c:\\Users\\Omer Cohen\\wizbi\\wizbi-cp\\dataconnect`\n"}}
[debug] [2026-01-31T17:40:46.267Z] E0131 19:40:46.267493   17828 watch.go:40] Failed to load config from "c:\\Users\\Omer Cohen\\wizbi\\wizbi-cp\\dataconnect": could not find dataconnect.yaml in `c:\Users\Omer Cohen\wizbi\wizbi-cp\dataconnect`
 {"metadata":{"emulator":{"name":"dataconnect"},"message":"E0131 19:40:46.267493   17828 watch.go:40] Failed to load config from \"c:\\\\Users\\\\Omer Cohen\\\\wizbi\\\\wizbi-cp\\\\dataconnect\": could not find dataconnect.yaml in `c:\\Users\\Omer Cohen\\wizbi\\wizbi-cp\\dataconnect`\n"}}
[debug] [2026-01-31T17:40:56.267Z] E0131 19:40:56.267371   17828 watch.go:40] Failed to load config from "c:\\Users\\Omer Cohen\\wizbi\\wizbi-cp\\dataconnect": could not find dataconnect.yaml in `c:\Users\Omer Cohen\wizbi\wizbi-cp\dataconnect`
 {"metadata":{"emulator":{"name":"dataconnect"},"message":"E0131 19:40:56.267371   17828 watch.go:40] Failed to load config from \"c:\\\\Users\\\\Omer Cohen\\\\wizbi\\\\wizbi-cp\\\\dataconnect\": could not find dataconnect.yaml in `c:\\Users\\Omer Cohen\\wizbi\\wizbi-cp\\dataconnect`\n"}}
[debug] [2026-01-31T17:41:06.267Z] E0131 19:41:06.267539   17828 watch.go:40] Failed to load config from "c:\\Users\\Omer Cohen\\wizbi\\wizbi-cp\\dataconnect": could not find dataconnect.yaml in `c:\Users\Omer Cohen\wizbi\wizbi-cp\dataconnect`
 {"metadata":{"emulator":{"name":"dataconnect"},"message":"E0131 19:41:06.267539   17828 watch.go:40] Failed to load config from \"c:\\\\Users\\\\Omer Cohen\\\\wizbi\\\\wizbi-cp\\\\dataconnect\": could not find dataconnect.yaml in `c:\\Users\\Omer Cohen\\wizbi\\wizbi-cp\\dataconnect`\n"}}
[debug] [2026-01-31T17:41:16.267Z] E0131 19:41:16.267475   17828 watch.go:116] watchAllDir unable to walk dir `c:\Users\Omer Cohen\wizbi\wizbi-cp\dataconnect`: CreateFile c:\Users\Omer Cohen\wizbi\wizbi-cp\dataconnect: The system cannot find the file specified.
 {"metadata":{"emulator":{"name":"dataconnect"},"message":"E0131 19:41:16.267475   17828 watch.go:116] watchAllDir unable to walk dir `c:\\Users\\Omer Cohen\\wizbi\\wizbi-cp\\dataconnect`: CreateFile c:\\Users\\Omer Cohen\\wizbi\\wizbi-cp\\dataconnect: The system cannot find the file specified.\n"}}
[debug] [2026-01-31T17:41:16.268Z] E0131 19:41:16.267475   17828 watch.go:40] Failed to load config from "c:\\Users\\Omer Cohen\\wizbi\\wizbi-cp\\dataconnect": could not find dataconnect.yaml in `c:\Users\Omer Cohen\wizbi\wizbi-cp\dataconnect`
 {"metadata":{"emulator":{"name":"dataconnect"},"message":"E0131 19:41:16.267475   17828 watch.go:40] Failed to load config from \"c:\\\\Users\\\\Omer Cohen\\\\wizbi\\\\wizbi-cp\\\\dataconnect\": could not find dataconnect.yaml in `c:\\Users\\Omer Cohen\\wizbi\\wizbi-cp\\dataconnect`\n"}}
[debug] [2026-01-31T17:41:26.267Z] E0131 19:41:26.267494   17828 watch.go:40] Failed to load config from "c:\\Users\\Omer Cohen\\wizbi\\wizbi-cp\\dataconnect": could not find dataconnect.yaml in `c:\Users\Omer Cohen\wizbi\wizbi-cp\dataconnect`
 {"metadata":{"emulator":{"name":"dataconnect"},"message":"E0131 19:41:26.267494   17828 watch.go:40] Failed to load config from \"c:\\\\Users\\\\Omer Cohen\\\\wizbi\\\\wizbi-cp\\\\dataconnect\": could not find dataconnect.yaml in `c:\\Users\\Omer Cohen\\wizbi\\wizbi-cp\\dataconnect`\n"}}
[debug] [2026-01-31T17:41:36.267Z] E0131 19:41:36.267219   17828 watch.go:40] Failed to load config from "c:\\Users\\Omer Cohen\\wizbi\\wizbi-cp\\dataconnect": could not find dataconnect.yaml in `c:\Users\Omer Cohen\wizbi\wizbi-cp\dataconnect`
 {"metadata":{"emulator":{"name":"dataconnect"},"message":"E0131 19:41:36.267219   17828 watch.go:40] Failed to load config from \"c:\\\\Users\\\\Omer Cohen\\\\wizbi\\\\wizbi-cp\\\\dataconnect\": could not find dataconnect.yaml in `c:\\Users\\Omer Cohen\\wizbi\\wizbi-cp\\dataconnect`\n"}}
[debug] [2026-01-31T17:41:46.267Z] E0131 19:41:46.267187   17828 watch.go:40] Failed to load config from "c:\\Users\\Omer Cohen\\wizbi\\wizbi-cp\\dataconnect": could not find dataconnect.yaml in `c:\Users\Omer Cohen\wizbi\wizbi-cp\dataconnect`
 {"metadata":{"emulator":{"name":"dataconnect"},"message":"E0131 19:41:46.267187   17828 watch.go:40] Failed to load config from \"c:\\\\Users\\\\Omer Cohen\\\\wizbi\\\\wizbi-cp\\\\dataconnect\": could not find dataconnect.yaml in `c:\\Users\\Omer Cohen\\wizbi\\wizbi-cp\\dataconnect`\n"}}
[debug] [2026-01-31T17:41:56.268Z] E0131 19:41:56.267304   17828 watch.go:40] Failed to load config from "c:\\Users\\Omer Cohen\\wizbi\\wizbi-cp\\dataconnect": could not find dataconnect.yaml in `c:\Users\Omer Cohen\wizbi\wizbi-cp\dataconnect`
 {"metadata":{"emulator":{"name":"dataconnect"},"message":"E0131 19:41:56.267304   17828 watch.go:40] Failed to load config from \"c:\\\\Users\\\\Omer Cohen\\\\wizbi\\\\wizbi-cp\\\\dataconnect\": could not find dataconnect.yaml in `c:\\Users\\Omer Cohen\\wizbi\\wizbi-cp\\dataconnect`\n"}}
[debug] [2026-01-31T17:42:06.267Z] E0131 19:42:06.267182   17828 watch.go:40] Failed to load config from "c:\\Users\\Omer Cohen\\wizbi\\wizbi-cp\\dataconnect": could not find dataconnect.yaml in `c:\Users\Omer Cohen\wizbi\wizbi-cp\dataconnect`
 {"metadata":{"emulator":{"name":"dataconnect"},"message":"E0131 19:42:06.267182   17828 watch.go:40] Failed to load config from \"c:\\\\Users\\\\Omer Cohen\\\\wizbi\\\\wizbi-cp\\\\dataconnect\": could not find dataconnect.yaml in `c:\\Users\\Omer Cohen\\wizbi\\wizbi-cp\\dataconnect`\n"}}
[debug] [2026-01-31T17:42:16.268Z] E0131 19:42:16.267518   17828 watch.go:116] watchAllDir unable to walk dir `c:\Users\Omer Cohen\wizbi\wizbi-cp\dataconnect`: CreateFile c:\Users\Omer Cohen\wizbi\wizbi-cp\dataconnect: The system cannot find the file specified.
E0131 19:42:16.267518   17828 watch.go:40] Failed to load config from "c:\\Users\\Omer Cohen\\wizbi\\wizbi-cp\\dataconnect": could not find dataconnect.yaml in `c:\Users\Omer Cohen\wizbi\wizbi-cp\dataconnect`
 {"metadata":{"emulator":{"name":"dataconnect"},"message":"E0131 19:42:16.267518   17828 watch.go:116] watchAllDir unable to walk dir `c:\\Users\\Omer Cohen\\wizbi\\wizbi-cp\\dataconnect`: CreateFile c:\\Users\\Omer Cohen\\wizbi\\wizbi-cp\\dataconnect: The system cannot find the file specified.\nE0131 19:42:16.267518   17828 watch.go:40] Failed to load config from \"c:\\\\Users\\\\Omer Cohen\\\\wizbi\\\\wizbi-cp\\\\dataconnect\": could not find dataconnect.yaml in `c:\\Users\\Omer Cohen\\wizbi\\wizbi-cp\\dataconnect`\n"}}
[debug] [2026-01-31T17:42:26.268Z] E0131 19:42:26.267453   17828 watch.go:40] Failed to load config from "c:\\Users\\Omer Cohen\\wizbi\\wizbi-cp\\dataconnect": could not find dataconnect.yaml in `c:\Users\Omer Cohen\wizbi\wizbi-cp\dataconnect`
 {"metadata":{"emulator":{"name":"dataconnect"},"message":"E0131 19:42:26.267453   17828 watch.go:40] Failed to load config from \"c:\\\\Users\\\\Omer Cohen\\\\wizbi\\\\wizbi-cp\\\\dataconnect\": could not find dataconnect.yaml in `c:\\Users\\Omer Cohen\\wizbi\\wizbi-cp\\dataconnect`\n"}}
[debug] [2026-01-31T17:42:36.267Z] E0131 19:42:36.267209   17828 watch.go:40] Failed to load config from "c:\\Users\\Omer Cohen\\wizbi\\wizbi-cp\\dataconnect": could not find dataconnect.yaml in `c:\Users\Omer Cohen\wizbi\wizbi-cp\dataconnect`
 {"metadata":{"emulator":{"name":"dataconnect"},"message":"E0131 19:42:36.267209   17828 watch.go:40] Failed to load config from \"c:\\\\Users\\\\Omer Cohen\\\\wizbi\\\\wizbi-cp\\\\dataconnect\": could not find dataconnect.yaml in `c:\\Users\\Omer Cohen\\wizbi\\wizbi-cp\\dataconnect`\n"}}
[debug] [2026-01-31T17:42:46.268Z] E0131 19:42:46.267844   17828 watch.go:40] Failed to load config from "c:\\Users\\Omer Cohen\\wizbi\\wizbi-cp\\dataconnect": could not find dataconnect.yaml in `c:\Users\Omer Cohen\wizbi\wizbi-cp\dataconnect`
 {"metadata":{"emulator":{"name":"dataconnect"},"message":"E0131 19:42:46.267844   17828 watch.go:40] Failed to load config from \"c:\\\\Users\\\\Omer Cohen\\\\wizbi\\\\wizbi-cp\\\\dataconnect\": could not find dataconnect.yaml in `c:\\Users\\Omer Cohen\\wizbi\\wizbi-cp\\dataconnect`\n"}}
[debug] [2026-01-31T17:42:56.267Z] E0131 19:42:56.267267   17828 watch.go:40] Failed to load config from "c:\\Users\\Omer Cohen\\wizbi\\wizbi-cp\\dataconnect": could not find dataconnect.yaml in `c:\Users\Omer Cohen\wizbi\wizbi-cp\dataconnect`
 {"metadata":{"emulator":{"name":"dataconnect"},"message":"E0131 19:42:56.267267   17828 watch.go:40] Failed to load config from \"c:\\\\Users\\\\Omer Cohen\\\\wizbi\\\\wizbi-cp\\\\dataconnect\": could not find dataconnect.yaml in `c:\\Users\\Omer Cohen\\wizbi\\wizbi-cp\\dataconnect`\n"}}
[debug] [2026-01-31T17:43:06.267Z] E0131 19:43:06.267190   17828 watch.go:40] Failed to load config from "c:\\Users\\Omer Cohen\\wizbi\\wizbi-cp\\dataconnect": could not find dataconnect.yaml in `c:\Users\Omer Cohen\wizbi\wizbi-cp\dataconnect`
 {"metadata":{"emulator":{"name":"dataconnect"},"message":"E0131 19:43:06.267190   17828 watch.go:40] Failed to load config from \"c:\\\\Users\\\\Omer Cohen\\\\wizbi\\\\wizbi-cp\\\\dataconnect\": could not find dataconnect.yaml in `c:\\Users\\Omer Cohen\\wizbi\\wizbi-cp\\dataconnect`\n"}}
[debug] [2026-01-31T17:43:16.267Z] E0131 19:43:16.267180   17828 watch.go:116] watchAllDir unable to walk dir `c:\Users\Omer Cohen\wizbi\wizbi-cp\dataconnect`: CreateFile c:\Users\Omer Cohen\wizbi\wizbi-cp\dataconnect: The system cannot find the file specified.
 {"metadata":{"emulator":{"name":"dataconnect"},"message":"E0131 19:43:16.267180   17828 watch.go:116] watchAllDir unable to walk dir `c:\\Users\\Omer Cohen\\wizbi\\wizbi-cp\\dataconnect`: CreateFile c:\\Users\\Omer Cohen\\wizbi\\wizbi-cp\\dataconnect: The system cannot find the file specified.\n"}}
[debug] [2026-01-31T17:43:16.268Z] E0131 19:43:16.267180   17828 watch.go:40] Failed to load config from "c:\\Users\\Omer Cohen\\wizbi\\wizbi-cp\\dataconnect": could not find dataconnect.yaml in `c:\Users\Omer Cohen\wizbi\wizbi-cp\dataconnect`
 {"metadata":{"emulator":{"name":"dataconnect"},"message":"E0131 19:43:16.267180   17828 watch.go:40] Failed to load config from \"c:\\\\Users\\\\Omer Cohen\\\\wizbi\\\\wizbi-cp\\\\dataconnect\": could not find dataconnect.yaml in `c:\\Users\\Omer Cohen\\wizbi\\wizbi-cp\\dataconnect`\n"}}
[debug] [2026-01-31T17:43:26.268Z] E0131 19:43:26.267749   17828 watch.go:40] Failed to load config from "c:\\Users\\Omer Cohen\\wizbi\\wizbi-cp\\dataconnect": could not find dataconnect.yaml in `c:\Users\Omer Cohen\wizbi\wizbi-cp\dataconnect`
 {"metadata":{"emulator":{"name":"dataconnect"},"message":"E0131 19:43:26.267749   17828 watch.go:40] Failed to load config from \"c:\\\\Users\\\\Omer Cohen\\\\wizbi\\\\wizbi-cp\\\\dataconnect\": could not find dataconnect.yaml in `c:\\Users\\Omer Cohen\\wizbi\\wizbi-cp\\dataconnect`\n"}}
[debug] [2026-01-31T17:43:36.267Z] E0131 19:43:36.267208   17828 watch.go:40] Failed to load config from "c:\\Users\\Omer Cohen\\wizbi\\wizbi-cp\\dataconnect": could not find dataconnect.yaml in `c:\Users\Omer Cohen\wizbi\wizbi-cp\dataconnect`
 {"metadata":{"emulator":{"name":"dataconnect"},"message":"E0131 19:43:36.267208   17828 watch.go:40] Failed to load config from \"c:\\\\Users\\\\Omer Cohen\\\\wizbi\\\\wizbi-cp\\\\dataconnect\": could not find dataconnect.yaml in `c:\\Users\\Omer Cohen\\wizbi\\wizbi-cp\\dataconnect`\n"}}
[debug] [2026-01-31T17:43:46.268Z] E0131 19:43:46.268007   17828 watch.go:40] Failed to load config from "c:\\Users\\Omer Cohen\\wizbi\\wizbi-cp\\dataconnect": could not find dataconnect.yaml in `c:\Users\Omer Cohen\wizbi\wizbi-cp\dataconnect`
 {"metadata":{"emulator":{"name":"dataconnect"},"message":"E0131 19:43:46.268007   17828 watch.go:40] Failed to load config from \"c:\\\\Users\\\\Omer Cohen\\\\wizbi\\\\wizbi-cp\\\\dataconnect\": could not find dataconnect.yaml in `c:\\Users\\Omer Cohen\\wizbi\\wizbi-cp\\dataconnect`\n"}}
[debug] [2026-01-31T17:43:56.267Z] E0131 19:43:56.267379   17828 watch.go:40] Failed to load config from "c:\\Users\\Omer Cohen\\wizbi\\wizbi-cp\\dataconnect": could not find dataconnect.yaml in `c:\Users\Omer Cohen\wizbi\wizbi-cp\dataconnect`
 {"metadata":{"emulator":{"name":"dataconnect"},"message":"E0131 19:43:56.267379   17828 watch.go:40] Failed to load config from \"c:\\\\Users\\\\Omer Cohen\\\\wizbi\\\\wizbi-cp\\\\dataconnect\": could not find dataconnect.yaml in `c:\\Users\\Omer Cohen\\wizbi\\wizbi-cp\\dataconnect`\n"}}
[debug] [2026-01-31T17:44:06.268Z] E0131 19:44:06.267985   17828 watch.go:40] Failed to load config from "c:\\Users\\Omer Cohen\\wizbi\\wizbi-cp\\dataconnect": could not find dataconnect.yaml in `c:\Users\Omer Cohen\wizbi\wizbi-cp\dataconnect`
 {"metadata":{"emulator":{"name":"dataconnect"},"message":"E0131 19:44:06.267985   17828 watch.go:40] Failed to load config from \"c:\\\\Users\\\\Omer Cohen\\\\wizbi\\\\wizbi-cp\\\\dataconnect\": could not find dataconnect.yaml in `c:\\Users\\Omer Cohen\\wizbi\\wizbi-cp\\dataconnect`\n"}}
[debug] [2026-01-31T17:44:16.267Z] E0131 19:44:16.267541   17828 watch.go:116] watchAllDir unable to walk dir `c:\Users\Omer Cohen\wizbi\wizbi-cp\dataconnect`: CreateFile c:\Users\Omer Cohen\wizbi\wizbi-cp\dataconnect: The system cannot find the file specified.
E0131 19:44:16.268045   17828 watch.go:40] Failed to load config from "c:\\Users\\Omer Cohen\\wizbi\\wizbi-cp\\dataconnect": could not find dataconnect.yaml in `c:\Users\Omer Cohen\wizbi\wizbi-cp\dataconnect`
 {"metadata":{"emulator":{"name":"dataconnect"},"message":"E0131 19:44:16.267541   17828 watch.go:116] watchAllDir unable to walk dir `c:\\Users\\Omer Cohen\\wizbi\\wizbi-cp\\dataconnect`: CreateFile c:\\Users\\Omer Cohen\\wizbi\\wizbi-cp\\dataconnect: The system cannot find the file specified.\nE0131 19:44:16.268045   17828 watch.go:40] Failed to load config from \"c:\\\\Users\\\\Omer Cohen\\\\wizbi\\\\wizbi-cp\\\\dataconnect\": could not find dataconnect.yaml in `c:\\Users\\Omer Cohen\\wizbi\\wizbi-cp\\dataconnect`\n"}}
[debug] [2026-01-31T17:44:26.267Z] E0131 19:44:26.268125   17828 watch.go:40] Failed to load config from "c:\\Users\\Omer Cohen\\wizbi\\wizbi-cp\\dataconnect": could not find dataconnect.yaml in `c:\Users\Omer Cohen\wizbi\wizbi-cp\dataconnect`
 {"metadata":{"emulator":{"name":"dataconnect"},"message":"E0131 19:44:26.268125   17828 watch.go:40] Failed to load config from \"c:\\\\Users\\\\Omer Cohen\\\\wizbi\\\\wizbi-cp\\\\dataconnect\": could not find dataconnect.yaml in `c:\\Users\\Omer Cohen\\wizbi\\wizbi-cp\\dataconnect`\n"}}
[debug] [2026-01-31T17:44:36.267Z] E0131 19:44:36.267803   17828 watch.go:40] Failed to load config from "c:\\Users\\Omer Cohen\\wizbi\\wizbi-cp\\dataconnect": could not find dataconnect.yaml in `c:\Users\Omer Cohen\wizbi\wizbi-cp\dataconnect`
 {"metadata":{"emulator":{"name":"dataconnect"},"message":"E0131 19:44:36.267803   17828 watch.go:40] Failed to load config from \"c:\\\\Users\\\\Omer Cohen\\\\wizbi\\\\wizbi-cp\\\\dataconnect\": could not find dataconnect.yaml in `c:\\Users\\Omer Cohen\\wizbi\\wizbi-cp\\dataconnect`\n"}}
[debug] [2026-01-31T17:44:46.267Z] E0131 19:44:46.267490   17828 watch.go:40] Failed to load config from "c:\\Users\\Omer Cohen\\wizbi\\wizbi-cp\\dataconnect": could not find dataconnect.yaml in `c:\Users\Omer Cohen\wizbi\wizbi-cp\dataconnect`
 {"metadata":{"emulator":{"name":"dataconnect"},"message":"E0131 19:44:46.267490   17828 watch.go:40] Failed to load config from \"c:\\\\Users\\\\Omer Cohen\\\\wizbi\\\\wizbi-cp\\\\dataconnect\": could not find dataconnect.yaml in `c:\\Users\\Omer Cohen\\wizbi\\wizbi-cp\\dataconnect`\n"}}
[debug] [2026-01-31T17:44:56.280Z] E0131 19:44:56.281011   17828 watch.go:40] Failed to load config from "c:\\Users\\Omer Cohen\\wizbi\\wizbi-cp\\dataconnect": could not find dataconnect.yaml in `c:\Users\Omer Cohen\wizbi\wizbi-cp\dataconnect`
 {"metadata":{"emulator":{"name":"dataconnect"},"message":"E0131 19:44:56.281011   17828 watch.go:40] Failed to load config from \"c:\\\\Users\\\\Omer Cohen\\\\wizbi\\\\wizbi-cp\\\\dataconnect\": could not find dataconnect.yaml in `c:\\Users\\Omer Cohen\\wizbi\\wizbi-cp\\dataconnect`\n"}}
[debug] [2026-01-31T17:45:06.268Z] E0131 19:45:06.267801   17828 watch.go:40] Failed to load config from "c:\\Users\\Omer Cohen\\wizbi\\wizbi-cp\\dataconnect": could not find dataconnect.yaml in `c:\Users\Omer Cohen\wizbi\wizbi-cp\dataconnect`
 {"metadata":{"emulator":{"name":"dataconnect"},"message":"E0131 19:45:06.267801   17828 watch.go:40] Failed to load config from \"c:\\\\Users\\\\Omer Cohen\\\\wizbi\\\\wizbi-cp\\\\dataconnect\": could not find dataconnect.yaml in `c:\\Users\\Omer Cohen\\wizbi\\wizbi-cp\\dataconnect`\n"}}
[debug] [2026-01-31T17:45:16.267Z] E0131 19:45:16.267633   17828 watch.go:116] watchAllDir unable to walk dir `c:\Users\Omer Cohen\wizbi\wizbi-cp\dataconnect`: CreateFile c:\Users\Omer Cohen\wizbi\wizbi-cp\dataconnect: The system cannot find the file specified.
E0131 19:45:16.267633   17828 watch.go:40] Failed to load config from "c:\\Users\\Omer Cohen\\wizbi\\wizbi-cp\\dataconnect": could not find dataconnect.yaml in `c:\Users\Omer Cohen\wizbi\wizbi-cp\dataconnect`
 {"metadata":{"emulator":{"name":"dataconnect"},"message":"E0131 19:45:16.267633   17828 watch.go:116] watchAllDir unable to walk dir `c:\\Users\\Omer Cohen\\wizbi\\wizbi-cp\\dataconnect`: CreateFile c:\\Users\\Omer Cohen\\wizbi\\wizbi-cp\\dataconnect: The system cannot find the file specified.\nE0131 19:45:16.267633   17828 watch.go:40] Failed to load config from \"c:\\\\Users\\\\Omer Cohen\\\\wizbi\\\\wizbi-cp\\\\dataconnect\": could not find dataconnect.yaml in `c:\\Users\\Omer Cohen\\wizbi\\wizbi-cp\\dataconnect`\n"}}
[debug] [2026-01-31T17:45:26.267Z] E0131 19:45:26.267295   17828 watch.go:40] Failed to load config from "c:\\Users\\Omer Cohen\\wizbi\\wizbi-cp\\dataconnect": could not find dataconnect.yaml in `c:\Users\Omer Cohen\wizbi\wizbi-cp\dataconnect`
 {"metadata":{"emulator":{"name":"dataconnect"},"message":"E0131 19:45:26.267295   17828 watch.go:40] Failed to load config from \"c:\\\\Users\\\\Omer Cohen\\\\wizbi\\\\wizbi-cp\\\\dataconnect\": could not find dataconnect.yaml in `c:\\Users\\Omer Cohen\\wizbi\\wizbi-cp\\dataconnect`\n"}}
[debug] [2026-01-31T17:45:36.267Z] E0131 19:45:36.267665   17828 watch.go:40] Failed to load config from "c:\\Users\\Omer Cohen\\wizbi\\wizbi-cp\\dataconnect": could not find dataconnect.yaml in `c:\Users\Omer Cohen\wizbi\wizbi-cp\dataconnect`
 {"metadata":{"emulator":{"name":"dataconnect"},"message":"E0131 19:45:36.267665   17828 watch.go:40] Failed to load config from \"c:\\\\Users\\\\Omer Cohen\\\\wizbi\\\\wizbi-cp\\\\dataconnect\": could not find dataconnect.yaml in `c:\\Users\\Omer Cohen\\wizbi\\wizbi-cp\\dataconnect`\n"}}
[debug] [2026-01-31T17:45:46.267Z] E0131 19:45:46.267589   17828 watch.go:40] Failed to load config from "c:\\Users\\Omer Cohen\\wizbi\\wizbi-cp\\dataconnect": could not find dataconnect.yaml in `c:\Users\Omer Cohen\wizbi\wizbi-cp\dataconnect`
 {"metadata":{"emulator":{"name":"dataconnect"},"message":"E0131 19:45:46.267589   17828 watch.go:40] Failed to load config from \"c:\\\\Users\\\\Omer Cohen\\\\wizbi\\\\wizbi-cp\\\\dataconnect\": could not find dataconnect.yaml in `c:\\Users\\Omer Cohen\\wizbi\\wizbi-cp\\dataconnect`\n"}}
[debug] [2026-01-31T17:45:56.268Z] E0131 19:45:56.267472   17828 watch.go:40] Failed to load config from "c:\\Users\\Omer Cohen\\wizbi\\wizbi-cp\\dataconnect": could not find dataconnect.yaml in `c:\Users\Omer Cohen\wizbi\wizbi-cp\dataconnect`
 {"metadata":{"emulator":{"name":"dataconnect"},"message":"E0131 19:45:56.267472   17828 watch.go:40] Failed to load config from \"c:\\\\Users\\\\Omer Cohen\\\\wizbi\\\\wizbi-cp\\\\dataconnect\": could not find dataconnect.yaml in `c:\\Users\\Omer Cohen\\wizbi\\wizbi-cp\\dataconnect`\n"}}
[debug] [2026-01-31T17:46:06.268Z] E0131 19:46:06.267545   17828 watch.go:40] Failed to load config from "c:\\Users\\Omer Cohen\\wizbi\\wizbi-cp\\dataconnect": could not find dataconnect.yaml in `c:\Users\Omer Cohen\wizbi\wizbi-cp\dataconnect`
 {"metadata":{"emulator":{"name":"dataconnect"},"message":"E0131 19:46:06.267545   17828 watch.go:40] Failed to load config from \"c:\\\\Users\\\\Omer Cohen\\\\wizbi\\\\wizbi-cp\\\\dataconnect\": could not find dataconnect.yaml in `c:\\Users\\Omer Cohen\\wizbi\\wizbi-cp\\dataconnect`\n"}}
[debug] [2026-01-31T17:46:16.268Z] E0131 19:46:16.267533   17828 watch.go:116] watchAllDir unable to walk dir `c:\Users\Omer Cohen\wizbi\wizbi-cp\dataconnect`: CreateFile c:\Users\Omer Cohen\wizbi\wizbi-cp\dataconnect: The system cannot find the file specified.
E0131 19:46:16.268038   17828 watch.go:40] Failed to load config from "c:\\Users\\Omer Cohen\\wizbi\\wizbi-cp\\dataconnect": could not find dataconnect.yaml in `c:\Users\Omer Cohen\wizbi\wizbi-cp\dataconnect`
 {"metadata":{"emulator":{"name":"dataconnect"},"message":"E0131 19:46:16.267533   17828 watch.go:116] watchAllDir unable to walk dir `c:\\Users\\Omer Cohen\\wizbi\\wizbi-cp\\dataconnect`: CreateFile c:\\Users\\Omer Cohen\\wizbi\\wizbi-cp\\dataconnect: The system cannot find the file specified.\nE0131 19:46:16.268038   17828 watch.go:40] Failed to load config from \"c:\\\\Users\\\\Omer Cohen\\\\wizbi\\\\wizbi-cp\\\\dataconnect\": could not find dataconnect.yaml in `c:\\Users\\Omer Cohen\\wizbi\\wizbi-cp\\dataconnect`\n"}}
[debug] [2026-01-31T17:46:26.268Z] E0131 19:46:26.267623   17828 watch.go:40] Failed to load config from "c:\\Users\\Omer Cohen\\wizbi\\wizbi-cp\\dataconnect": could not find dataconnect.yaml in `c:\Users\Omer Cohen\wizbi\wizbi-cp\dataconnect`
 {"metadata":{"emulator":{"name":"dataconnect"},"message":"E0131 19:46:26.267623   17828 watch.go:40] Failed to load config from \"c:\\\\Users\\\\Omer Cohen\\\\wizbi\\\\wizbi-cp\\\\dataconnect\": could not find dataconnect.yaml in `c:\\Users\\Omer Cohen\\wizbi\\wizbi-cp\\dataconnect`\n"}}
[debug] [2026-01-31T17:46:36.268Z] E0131 19:46:36.267596   17828 watch.go:40] Failed to load config from "c:\\Users\\Omer Cohen\\wizbi\\wizbi-cp\\dataconnect": could not find dataconnect.yaml in `c:\Users\Omer Cohen\wizbi\wizbi-cp\dataconnect`
 {"metadata":{"emulator":{"name":"dataconnect"},"message":"E0131 19:46:36.267596   17828 watch.go:40] Failed to load config from \"c:\\\\Users\\\\Omer Cohen\\\\wizbi\\\\wizbi-cp\\\\dataconnect\": could not find dataconnect.yaml in `c:\\Users\\Omer Cohen\\wizbi\\wizbi-cp\\dataconnect`\n"}}
[debug] [2026-01-31T17:46:46.268Z] E0131 19:46:46.267634   17828 watch.go:40] Failed to load config from "c:\\Users\\Omer Cohen\\wizbi\\wizbi-cp\\dataconnect": could not find dataconnect.yaml in `c:\Users\Omer Cohen\wizbi\wizbi-cp\dataconnect`
 {"metadata":{"emulator":{"name":"dataconnect"},"message":"E0131 19:46:46.267634   17828 watch.go:40] Failed to load config from \"c:\\\\Users\\\\Omer Cohen\\\\wizbi\\\\wizbi-cp\\\\dataconnect\": could not find dataconnect.yaml in `c:\\Users\\Omer Cohen\\wizbi\\wizbi-cp\\dataconnect`\n"}}
[debug] [2026-01-31T17:46:56.267Z] E0131 19:46:56.267283   17828 watch.go:40] Failed to load config from "c:\\Users\\Omer Cohen\\wizbi\\wizbi-cp\\dataconnect": could not find dataconnect.yaml in `c:\Users\Omer Cohen\wizbi\wizbi-cp\dataconnect`
 {"metadata":{"emulator":{"name":"dataconnect"},"message":"E0131 19:46:56.267283   17828 watch.go:40] Failed to load config from \"c:\\\\Users\\\\Omer Cohen\\\\wizbi\\\\wizbi-cp\\\\dataconnect\": could not find dataconnect.yaml in `c:\\Users\\Omer Cohen\\wizbi\\wizbi-cp\\dataconnect`\n"}}
[debug] [2026-01-31T17:47:06.267Z] E0131 19:47:06.267592   17828 watch.go:40] Failed to load config from "c:\\Users\\Omer Cohen\\wizbi\\wizbi-cp\\dataconnect": could not find dataconnect.yaml in `c:\Users\Omer Cohen\wizbi\wizbi-cp\dataconnect`
 {"metadata":{"emulator":{"name":"dataconnect"},"message":"E0131 19:47:06.267592   17828 watch.go:40] Failed to load config from \"c:\\\\Users\\\\Omer Cohen\\\\wizbi\\\\wizbi-cp\\\\dataconnect\": could not find dataconnect.yaml in `c:\\Users\\Omer Cohen\\wizbi\\wizbi-cp\\dataconnect`\n"}}
[debug] [2026-01-31T17:47:16.267Z] E0131 19:47:16.267607   17828 watch.go:116] watchAllDir unable to walk dir `c:\Users\Omer Cohen\wizbi\wizbi-cp\dataconnect`: CreateFile c:\Users\Omer Cohen\wizbi\wizbi-cp\dataconnect: The system cannot find the file specified.
E0131 19:47:16.267607   17828 watch.go:40] Failed to load config from "c:\\Users\\Omer Cohen\\wizbi\\wizbi-cp\\dataconnect": could not find dataconnect.yaml in `c:\Users\Omer Cohen\wizbi\wizbi-cp\dataconnect`
 {"metadata":{"emulator":{"name":"dataconnect"},"message":"E0131 19:47:16.267607   17828 watch.go:116] watchAllDir unable to walk dir `c:\\Users\\Omer Cohen\\wizbi\\wizbi-cp\\dataconnect`: CreateFile c:\\Users\\Omer Cohen\\wizbi\\wizbi-cp\\dataconnect: The system cannot find the file specified.\nE0131 19:47:16.267607   17828 watch.go:40] Failed to load config from \"c:\\\\Users\\\\Omer Cohen\\\\wizbi\\\\wizbi-cp\\\\dataconnect\": could not find dataconnect.yaml in `c:\\Users\\Omer Cohen\\wizbi\\wizbi-cp\\dataconnect`\n"}}
[debug] [2026-01-31T17:47:26.267Z] E0131 19:47:26.267929   17828 watch.go:40] Failed to load config from "c:\\Users\\Omer Cohen\\wizbi\\wizbi-cp\\dataconnect": could not find dataconnect.yaml in `c:\Users\Omer Cohen\wizbi\wizbi-cp\dataconnect`
 {"metadata":{"emulator":{"name":"dataconnect"},"message":"E0131 19:47:26.267929   17828 watch.go:40] Failed to load config from \"c:\\\\Users\\\\Omer Cohen\\\\wizbi\\\\wizbi-cp\\\\dataconnect\": could not find dataconnect.yaml in `c:\\Users\\Omer Cohen\\wizbi\\wizbi-cp\\dataconnect`\n"}}
[debug] [2026-01-31T17:47:36.267Z] E0131 19:47:36.267416   17828 watch.go:40] Failed to load config from "c:\\Users\\Omer Cohen\\wizbi\\wizbi-cp\\dataconnect": could not find dataconnect.yaml in `c:\Users\Omer Cohen\wizbi\wizbi-cp\dataconnect`
 {"metadata":{"emulator":{"name":"dataconnect"},"message":"E0131 19:47:36.267416   17828 watch.go:40] Failed to load config from \"c:\\\\Users\\\\Omer Cohen\\\\wizbi\\\\wizbi-cp\\\\dataconnect\": could not find dataconnect.yaml in `c:\\Users\\Omer Cohen\\wizbi\\wizbi-cp\\dataconnect`\n"}}
[debug] [2026-01-31T17:47:46.267Z] E0131 19:47:46.267156   17828 watch.go:40] Failed to load config from "c:\\Users\\Omer Cohen\\wizbi\\wizbi-cp\\dataconnect": could not find dataconnect.yaml in `c:\Users\Omer Cohen\wizbi\wizbi-cp\dataconnect`
 {"metadata":{"emulator":{"name":"dataconnect"},"message":"E0131 19:47:46.267156   17828 watch.go:40] Failed to load config from \"c:\\\\Users\\\\Omer Cohen\\\\wizbi\\\\wizbi-cp\\\\dataconnect\": could not find dataconnect.yaml in `c:\\Users\\Omer Cohen\\wizbi\\wizbi-cp\\dataconnect`\n"}}
[debug] [2026-01-31T17:47:56.267Z] E0131 19:47:56.267332   17828 watch.go:40] Failed to load config from "c:\\Users\\Omer Cohen\\wizbi\\wizbi-cp\\dataconnect": could not find dataconnect.yaml in `c:\Users\Omer Cohen\wizbi\wizbi-cp\dataconnect`
 {"metadata":{"emulator":{"name":"dataconnect"},"message":"E0131 19:47:56.267332   17828 watch.go:40] Failed to load config from \"c:\\\\Users\\\\Omer Cohen\\\\wizbi\\\\wizbi-cp\\\\dataconnect\": could not find dataconnect.yaml in `c:\\Users\\Omer Cohen\\wizbi\\wizbi-cp\\dataconnect`\n"}}
[debug] [2026-01-31T17:48:06.267Z] E0131 19:48:06.267341   17828 watch.go:40] Failed to load config from "c:\\Users\\Omer Cohen\\wizbi\\wizbi-cp\\dataconnect": could not find dataconnect.yaml in `c:\Users\Omer Cohen\wizbi\wizbi-cp\dataconnect`
 {"metadata":{"emulator":{"name":"dataconnect"},"message":"E0131 19:48:06.267341   17828 watch.go:40] Failed to load config from \"c:\\\\Users\\\\Omer Cohen\\\\wizbi\\\\wizbi-cp\\\\dataconnect\": could not find dataconnect.yaml in `c:\\Users\\Omer Cohen\\wizbi\\wizbi-cp\\dataconnect`\n"}}
[debug] [2026-01-31T17:48:16.267Z] E0131 19:48:16.267485   17828 watch.go:116] watchAllDir unable to walk dir `c:\Users\Omer Cohen\wizbi\wizbi-cp\dataconnect`: CreateFile c:\Users\Omer Cohen\wizbi\wizbi-cp\dataconnect: The system cannot find the file specified.
E0131 19:48:16.267485   17828 watch.go:40] Failed to load config from "c:\\Users\\Omer Cohen\\wizbi\\wizbi-cp\\dataconnect": could not find dataconnect.yaml in `c:\Users\Omer Cohen\wizbi\wizbi-cp\dataconnect`
 {"metadata":{"emulator":{"name":"dataconnect"},"message":"E0131 19:48:16.267485   17828 watch.go:116] watchAllDir unable to walk dir `c:\\Users\\Omer Cohen\\wizbi\\wizbi-cp\\dataconnect`: CreateFile c:\\Users\\Omer Cohen\\wizbi\\wizbi-cp\\dataconnect: The system cannot find the file specified.\nE0131 19:48:16.267485   17828 watch.go:40] Failed to load config from \"c:\\\\Users\\\\Omer Cohen\\\\wizbi\\\\wizbi-cp\\\\dataconnect\": could not find dataconnect.yaml in `c:\\Users\\Omer Cohen\\wizbi\\wizbi-cp\\dataconnect`\n"}}
[debug] [2026-01-31T17:48:26.267Z] E0131 19:48:26.267833   17828 watch.go:40] Failed to load config from "c:\\Users\\Omer Cohen\\wizbi\\wizbi-cp\\dataconnect": could not find dataconnect.yaml in `c:\Users\Omer Cohen\wizbi\wizbi-cp\dataconnect`
 {"metadata":{"emulator":{"name":"dataconnect"},"message":"E0131 19:48:26.267833   17828 watch.go:40] Failed to load config from \"c:\\\\Users\\\\Omer Cohen\\\\wizbi\\\\wizbi-cp\\\\dataconnect\": could not find dataconnect.yaml in `c:\\Users\\Omer Cohen\\wizbi\\wizbi-cp\\dataconnect`\n"}}
[debug] [2026-01-31T17:48:36.267Z] E0131 19:48:36.267449   17828 watch.go:40] Failed to load config from "c:\\Users\\Omer Cohen\\wizbi\\wizbi-cp\\dataconnect": could not find dataconnect.yaml in `c:\Users\Omer Cohen\wizbi\wizbi-cp\dataconnect`
 {"metadata":{"emulator":{"name":"dataconnect"},"message":"E0131 19:48:36.267449   17828 watch.go:40] Failed to load config from \"c:\\\\Users\\\\Omer Cohen\\\\wizbi\\\\wizbi-cp\\\\dataconnect\": could not find dataconnect.yaml in `c:\\Users\\Omer Cohen\\wizbi\\wizbi-cp\\dataconnect`\n"}}
[debug] [2026-01-31T17:48:46.267Z] E0131 19:48:46.267629   17828 watch.go:40] Failed to load config from "c:\\Users\\Omer Cohen\\wizbi\\wizbi-cp\\dataconnect": could not find dataconnect.yaml in `c:\Users\Omer Cohen\wizbi\wizbi-cp\dataconnect`
 {"metadata":{"emulator":{"name":"dataconnect"},"message":"E0131 19:48:46.267629   17828 watch.go:40] Failed to load config from \"c:\\\\Users\\\\Omer Cohen\\\\wizbi\\\\wizbi-cp\\\\dataconnect\": could not find dataconnect.yaml in `c:\\Users\\Omer Cohen\\wizbi\\wizbi-cp\\dataconnect`\n"}}
[debug] [2026-01-31T17:48:56.267Z] E0131 19:48:56.267496   17828 watch.go:40] Failed to load config from "c:\\Users\\Omer Cohen\\wizbi\\wizbi-cp\\dataconnect": could not find dataconnect.yaml in `c:\Users\Omer Cohen\wizbi\wizbi-cp\dataconnect`
 {"metadata":{"emulator":{"name":"dataconnect"},"message":"E0131 19:48:56.267496   17828 watch.go:40] Failed to load config from \"c:\\\\Users\\\\Omer Cohen\\\\wizbi\\\\wizbi-cp\\\\dataconnect\": could not find dataconnect.yaml in `c:\\Users\\Omer Cohen\\wizbi\\wizbi-cp\\dataconnect`\n"}}
[debug] [2026-01-31T17:49:06.267Z] E0131 19:49:06.267575   17828 watch.go:40] Failed to load config from "c:\\Users\\Omer Cohen\\wizbi\\wizbi-cp\\dataconnect": could not find dataconnect.yaml in `c:\Users\Omer Cohen\wizbi\wizbi-cp\dataconnect`
 {"metadata":{"emulator":{"name":"dataconnect"},"message":"E0131 19:49:06.267575   17828 watch.go:40] Failed to load config from \"c:\\\\Users\\\\Omer Cohen\\\\wizbi\\\\wizbi-cp\\\\dataconnect\": could not find dataconnect.yaml in `c:\\Users\\Omer Cohen\\wizbi\\wizbi-cp\\dataconnect`\n"}}
[debug] [2026-01-31T17:49:16.267Z] E0131 19:49:16.267253   17828 watch.go:116] watchAllDir unable to walk dir `c:\Users\Omer Cohen\wizbi\wizbi-cp\dataconnect`: CreateFile c:\Users\Omer Cohen\wizbi\wizbi-cp\dataconnect: The system cannot find the file specified.
E0131 19:49:16.267253   17828 watch.go:40] Failed to load config from "c:\\Users\\Omer Cohen\\wizbi\\wizbi-cp\\dataconnect": could not find dataconnect.yaml in `c:\Users\Omer Cohen\wizbi\wizbi-cp\dataconnect`
 {"metadata":{"emulator":{"name":"dataconnect"},"message":"E0131 19:49:16.267253   17828 watch.go:116] watchAllDir unable to walk dir `c:\\Users\\Omer Cohen\\wizbi\\wizbi-cp\\dataconnect`: CreateFile c:\\Users\\Omer Cohen\\wizbi\\wizbi-cp\\dataconnect: The system cannot find the file specified.\nE0131 19:49:16.267253   17828 watch.go:40] Failed to load config from \"c:\\\\Users\\\\Omer Cohen\\\\wizbi\\\\wizbi-cp\\\\dataconnect\": could not find dataconnect.yaml in `c:\\Users\\Omer Cohen\\wizbi\\wizbi-cp\\dataconnect`\n"}}
[debug] [2026-01-31T17:49:26.267Z] E0131 19:49:26.267750   17828 watch.go:40] Failed to load config from "c:\\Users\\Omer Cohen\\wizbi\\wizbi-cp\\dataconnect": could not find dataconnect.yaml in `c:\Users\Omer Cohen\wizbi\wizbi-cp\dataconnect`
 {"metadata":{"emulator":{"name":"dataconnect"},"message":"E0131 19:49:26.267750   17828 watch.go:40] Failed to load config from \"c:\\\\Users\\\\Omer Cohen\\\\wizbi\\\\wizbi-cp\\\\dataconnect\": could not find dataconnect.yaml in `c:\\Users\\Omer Cohen\\wizbi\\wizbi-cp\\dataconnect`\n"}}
[debug] [2026-01-31T17:49:36.267Z] E0131 19:49:36.267253   17828 watch.go:40] Failed to load config from "c:\\Users\\Omer Cohen\\wizbi\\wizbi-cp\\dataconnect": could not find dataconnect.yaml in `c:\Users\Omer Cohen\wizbi\wizbi-cp\dataconnect`
 {"metadata":{"emulator":{"name":"dataconnect"},"message":"E0131 19:49:36.267253   17828 watch.go:40] Failed to load config from \"c:\\\\Users\\\\Omer Cohen\\\\wizbi\\\\wizbi-cp\\\\dataconnect\": could not find dataconnect.yaml in `c:\\Users\\Omer Cohen\\wizbi\\wizbi-cp\\dataconnect`\n"}}
[debug] [2026-01-31T17:49:46.267Z] E0131 19:49:46.267266   17828 watch.go:40] Failed to load config from "c:\\Users\\Omer Cohen\\wizbi\\wizbi-cp\\dataconnect": could not find dataconnect.yaml in `c:\Users\Omer Cohen\wizbi\wizbi-cp\dataconnect`
 {"metadata":{"emulator":{"name":"dataconnect"},"message":"E0131 19:49:46.267266   17828 watch.go:40] Failed to load config from \"c:\\\\Users\\\\Omer Cohen\\\\wizbi\\\\wizbi-cp\\\\dataconnect\": could not find dataconnect.yaml in `c:\\Users\\Omer Cohen\\wizbi\\wizbi-cp\\dataconnect`\n"}}
[debug] [2026-01-31T17:49:56.268Z] E0131 19:49:56.267623   17828 watch.go:40] Failed to load config from "c:\\Users\\Omer Cohen\\wizbi\\wizbi-cp\\dataconnect": could not find dataconnect.yaml in `c:\Users\Omer Cohen\wizbi\wizbi-cp\dataconnect`
 {"metadata":{"emulator":{"name":"dataconnect"},"message":"E0131 19:49:56.267623   17828 watch.go:40] Failed to load config from \"c:\\\\Users\\\\Omer Cohen\\\\wizbi\\\\wizbi-cp\\\\dataconnect\": could not find dataconnect.yaml in `c:\\Users\\Omer Cohen\\wizbi\\wizbi-cp\\dataconnect`\n"}}
[debug] [2026-01-31T17:50:06.268Z] E0131 19:50:06.268278   17828 watch.go:40] Failed to load config from "c:\\Users\\Omer Cohen\\wizbi\\wizbi-cp\\dataconnect": could not find dataconnect.yaml in `c:\Users\Omer Cohen\wizbi\wizbi-cp\dataconnect`
 {"metadata":{"emulator":{"name":"dataconnect"},"message":"E0131 19:50:06.268278   17828 watch.go:40] Failed to load config from \"c:\\\\Users\\\\Omer Cohen\\\\wizbi\\\\wizbi-cp\\\\dataconnect\": could not find dataconnect.yaml in `c:\\Users\\Omer Cohen\\wizbi\\wizbi-cp\\dataconnect`\n"}}
[debug] [2026-01-31T17:50:16.269Z] E0131 19:50:16.267733   17828 watch.go:116] watchAllDir unable to walk dir `c:\Users\Omer Cohen\wizbi\wizbi-cp\dataconnect`: CreateFile c:\Users\Omer Cohen\wizbi\wizbi-cp\dataconnect: The system cannot find the file specified.
 {"metadata":{"emulator":{"name":"dataconnect"},"message":"E0131 19:50:16.267733   17828 watch.go:116] watchAllDir unable to walk dir `c:\\Users\\Omer Cohen\\wizbi\\wizbi-cp\\dataconnect`: CreateFile c:\\Users\\Omer Cohen\\wizbi\\wizbi-cp\\dataconnect: The system cannot find the file specified.\n"}}
[debug] [2026-01-31T17:50:16.270Z] E0131 19:50:16.268969   17828 watch.go:40] Failed to load config from "c:\\Users\\Omer Cohen\\wizbi\\wizbi-cp\\dataconnect": could not find dataconnect.yaml in `c:\Users\Omer Cohen\wizbi\wizbi-cp\dataconnect`
 {"metadata":{"emulator":{"name":"dataconnect"},"message":"E0131 19:50:16.268969   17828 watch.go:40] Failed to load config from \"c:\\\\Users\\\\Omer Cohen\\\\wizbi\\\\wizbi-cp\\\\dataconnect\": could not find dataconnect.yaml in `c:\\Users\\Omer Cohen\\wizbi\\wizbi-cp\\dataconnect`\n"}}
[debug] [2026-01-31T17:50:26.268Z] E0131 19:50:26.267777   17828 watch.go:40] Failed to load config from "c:\\Users\\Omer Cohen\\wizbi\\wizbi-cp\\dataconnect": could not find dataconnect.yaml in `c:\Users\Omer Cohen\wizbi\wizbi-cp\dataconnect`
 {"metadata":{"emulator":{"name":"dataconnect"},"message":"E0131 19:50:26.267777   17828 watch.go:40] Failed to load config from \"c:\\\\Users\\\\Omer Cohen\\\\wizbi\\\\wizbi-cp\\\\dataconnect\": could not find dataconnect.yaml in `c:\\Users\\Omer Cohen\\wizbi\\wizbi-cp\\dataconnect`\n"}}
[debug] [2026-01-31T17:50:36.268Z] E0131 19:50:36.268025   17828 watch.go:40] Failed to load config from "c:\\Users\\Omer Cohen\\wizbi\\wizbi-cp\\dataconnect": could not find dataconnect.yaml in `c:\Users\Omer Cohen\wizbi\wizbi-cp\dataconnect`
 {"metadata":{"emulator":{"name":"dataconnect"},"message":"E0131 19:50:36.268025   17828 watch.go:40] Failed to load config from \"c:\\\\Users\\\\Omer Cohen\\\\wizbi\\\\wizbi-cp\\\\dataconnect\": could not find dataconnect.yaml in `c:\\Users\\Omer Cohen\\wizbi\\wizbi-cp\\dataconnect`\n"}}
[debug] [2026-01-31T17:50:46.268Z] E0131 19:50:46.268069   17828 watch.go:40] Failed to load config from "c:\\Users\\Omer Cohen\\wizbi\\wizbi-cp\\dataconnect": could not find dataconnect.yaml in `c:\Users\Omer Cohen\wizbi\wizbi-cp\dataconnect`
 {"metadata":{"emulator":{"name":"dataconnect"},"message":"E0131 19:50:46.268069   17828 watch.go:40] Failed to load config from \"c:\\\\Users\\\\Omer Cohen\\\\wizbi\\\\wizbi-cp\\\\dataconnect\": could not find dataconnect.yaml in `c:\\Users\\Omer Cohen\\wizbi\\wizbi-cp\\dataconnect`\n"}}
[debug] [2026-01-31T17:50:56.267Z] E0131 19:50:56.267281   17828 watch.go:40] Failed to load config from "c:\\Users\\Omer Cohen\\wizbi\\wizbi-cp\\dataconnect": could not find dataconnect.yaml in `c:\Users\Omer Cohen\wizbi\wizbi-cp\dataconnect`
 {"metadata":{"emulator":{"name":"dataconnect"},"message":"E0131 19:50:56.267281   17828 watch.go:40] Failed to load config from \"c:\\\\Users\\\\Omer Cohen\\\\wizbi\\\\wizbi-cp\\\\dataconnect\": could not find dataconnect.yaml in `c:\\Users\\Omer Cohen\\wizbi\\wizbi-cp\\dataconnect`\n"}}
[debug] [2026-01-31T17:51:06.267Z] E0131 19:51:06.267213   17828 watch.go:40] Failed to load config from "c:\\Users\\Omer Cohen\\wizbi\\wizbi-cp\\dataconnect": could not find dataconnect.yaml in `c:\Users\Omer Cohen\wizbi\wizbi-cp\dataconnect`
 {"metadata":{"emulator":{"name":"dataconnect"},"message":"E0131 19:51:06.267213   17828 watch.go:40] Failed to load config from \"c:\\\\Users\\\\Omer Cohen\\\\wizbi\\\\wizbi-cp\\\\dataconnect\": could not find dataconnect.yaml in `c:\\Users\\Omer Cohen\\wizbi\\wizbi-cp\\dataconnect`\n"}}
[info] [Firebase Plugin] Stopping Data Connect toolkit
[warn] !  Data Connect Emulator has exited upon receiving signal: SIGINT 
[debug] [2026-02-12T15:03:10.715Z] [Firebase Plugin] Activating Firebase extension.
[debug] [2026-02-12T15:03:19.423Z] [Firebase Plugin] requireAuthWrapper
[debug] [2026-02-12T15:03:19.441Z] > command requires scopes: ["email","openid","https://www.googleapis.com/auth/cloudplatformprojects.readonly","https://www.googleapis.com/auth/firebase","https://www.googleapis.com/auth/cloud-platform"]
[debug] [2026-02-12T15:03:19.442Z] > authorizing via signed-in user (omer.cohen@bimagics.com)
[debug] [2026-02-12T15:03:19.448Z] Checked if tokens are valid: false, expires at: 1770821768061
[debug] [2026-02-12T15:03:19.449Z] Checked if tokens are valid: false, expires at: 1770821768061
[debug] [2026-02-12T15:03:19.450Z] > refreshing access token with scopes: []
[debug] [2026-02-12T15:03:19.453Z] >>> [apiv2][query] POST https://www.googleapis.com/oauth2/v3/token [none]
[debug] [2026-02-12T15:03:19.454Z] >>> [apiv2][body] POST https://www.googleapis.com/oauth2/v3/token [omitted]
[debug] [2026-02-12T15:03:19.475Z] [Firebase Plugin] VSCode notification server listening on port 40001
[info] [Firebase Plugin] Starting Data Connect toolkit (version 3.1.1) on port 50001
[debug] [2026-02-12T15:03:21.449Z] 'fdc build' failed with error: Unable to build your Data Connect schema and connectors (exit code 1): E0212 17:03:21.424353    9224 cmd.go:43] Error loading data connect config: could not find dataconnect.yaml in `c:\Users\Omer Cohen\wizbi\wizbi-cp\dataconnect`
 {"metadata":{"emulator":{"name":"dataconnect"},"message":"'fdc build' failed with error: Unable to build your Data Connect schema and connectors (exit code 1): E0212 17:03:21.424353    9224 cmd.go:43] Error loading data connect config: could not find dataconnect.yaml in `c:\\Users\\Omer Cohen\\wizbi\\wizbi-cp\\dataconnect`\n"}}
[debug] [2026-02-12T15:03:21.450Z] Ignoring unsupported arg: auto_download {"metadata":{"emulator":{"name":"dataconnect"},"message":"Ignoring unsupported arg: auto_download"}}
[debug] [2026-02-12T15:03:21.451Z] Ignoring unsupported arg: port {"metadata":{"emulator":{"name":"dataconnect"},"message":"Ignoring unsupported arg: port"}}
[debug] [2026-02-12T15:03:21.451Z] Starting Data Connect Emulator with command {"binary":"C:\\Users\\Omer Cohen\\.cache\\firebase\\emulators\\dataconnect-emulator-3.1.1.exe","args":["--logtostderr","-v=2","dev","--listen=localhost:50001","--config_dir=c:\\Users\\Omer Cohen\\wizbi\\wizbi-cp\\dataconnect","--enable_output_schema_extensions=true","--enable_output_generated_sdk=true"],"optionalArgs":["listen","config_dir","enable_output_schema_extensions","enable_output_generated_sdk"],"joinArgs":true,"shell":false,"port":9399} {"metadata":{"emulator":{"name":"dataconnect"},"message":"Starting Data Connect Emulator with command {\"binary\":\"C:\\\\Users\\\\Omer Cohen\\\\.cache\\\\firebase\\\\emulators\\\\dataconnect-emulator-3.1.1.exe\",\"args\":[\"--logtostderr\",\"-v=2\",\"dev\",\"--listen=localhost:50001\",\"--config_dir=c:\\\\Users\\\\Omer Cohen\\\\wizbi\\\\wizbi-cp\\\\dataconnect\",\"--enable_output_schema_extensions=true\",\"--enable_output_generated_sdk=true\"],\"optionalArgs\":[\"listen\",\"config_dir\",\"enable_output_schema_extensions\",\"enable_output_generated_sdk\"],\"joinArgs\":true,\"shell\":false,\"port\":9399}"}}
[info] i  dataconnect: Data Connect Emulator logging to dataconnect-debug.log {"metadata":{"emulator":{"name":"dataconnect"},"message":"Data Connect Emulator logging to \u001b[1mdataconnect-debug.log\u001b[22m"}}
[debug] [2026-02-12T15:03:21.550Z] <<< [apiv2][status] POST https://www.googleapis.com/oauth2/v3/token 400
[debug] [2026-02-12T15:03:21.550Z] <<< [apiv2][body] POST https://www.googleapis.com/oauth2/v3/token [omitted]
[error] Authentication Error: Your credentials are no longer valid. Please run firebase login --reauth

For CI servers and headless environments, generate a new token with firebase login:ci
[error] Authentication Error: Your credentials are no longer valid. Please run firebase login --reauth

For CI servers and headless environments, generate a new token with firebase login:ci
[error] [Firebase Plugin] requireAuth error: Authentication Error: Your credentials are no longer valid. Please run firebase login --reauth

For CI servers and headless environments, generate a new token with firebase login:ci
[debug] [2026-02-12T15:03:21.779Z] E0212 17:03:21.742700   14324 dev.go:83] Failed to load initial config from "c:\\Users\\Omer Cohen\\wizbi\\wizbi-cp\\dataconnect": could not find dataconnect.yaml in `c:\Users\Omer Cohen\wizbi\wizbi-cp\dataconnect`
 {"metadata":{"emulator":{"name":"dataconnect"},"message":"E0212 17:03:21.742700   14324 dev.go:83] Failed to load initial config from \"c:\\\\Users\\\\Omer Cohen\\\\wizbi\\\\wizbi-cp\\\\dataconnect\": could not find dataconnect.yaml in `c:\\Users\\Omer Cohen\\wizbi\\wizbi-cp\\dataconnect`\n"}}
[debug] [2026-02-12T15:03:21.790Z] E0212 17:03:21.783755   14324 watch.go:116] watchAllDir unable to walk dir `c:\Users\Omer Cohen\wizbi\wizbi-cp\dataconnect`: CreateFile c:\Users\Omer Cohen\wizbi\wizbi-cp\dataconnect: The system cannot find the file specified.
 {"metadata":{"emulator":{"name":"dataconnect"},"message":"E0212 17:03:21.783755   14324 watch.go:116] watchAllDir unable to walk dir `c:\\Users\\Omer Cohen\\wizbi\\wizbi-cp\\dataconnect`: CreateFile c:\\Users\\Omer Cohen\\wizbi\\wizbi-cp\\dataconnect: The system cannot find the file specified.\n"}}
[debug] [2026-02-12T15:03:21.864Z] I0212 17:03:21.863427   14324 dev.go:104] Listening on address (HTTP + gRPC): 127.0.0.1:50001
 {"metadata":{"emulator":{"name":"dataconnect"},"message":"I0212 17:03:21.863427   14324 dev.go:104] Listening on address (HTTP + gRPC): 127.0.0.1:50001\n"}}
[error] [Firebase Plugin] error:  {}
[debug] [2026-02-12T15:03:31.785Z] E0212 17:03:31.784877   14324 watch.go:40] Failed to load config from "c:\\Users\\Omer Cohen\\wizbi\\wizbi-cp\\dataconnect": could not find dataconnect.yaml in `c:\Users\Omer Cohen\wizbi\wizbi-cp\dataconnect`
 {"metadata":{"emulator":{"name":"dataconnect"},"message":"E0212 17:03:31.784877   14324 watch.go:40] Failed to load config from \"c:\\\\Users\\\\Omer Cohen\\\\wizbi\\\\wizbi-cp\\\\dataconnect\": could not find dataconnect.yaml in `c:\\Users\\Omer Cohen\\wizbi\\wizbi-cp\\dataconnect`\n"}}
[debug] [2026-02-12T15:03:41.785Z] E0212 17:03:41.784588   14324 watch.go:40] Failed to load config from "c:\\Users\\Omer Cohen\\wizbi\\wizbi-cp\\dataconnect": could not find dataconnect.yaml in `c:\Users\Omer Cohen\wizbi\wizbi-cp\dataconnect`
 {"metadata":{"emulator":{"name":"dataconnect"},"message":"E0212 17:03:41.784588   14324 watch.go:40] Failed to load config from \"c:\\\\Users\\\\Omer Cohen\\\\wizbi\\\\wizbi-cp\\\\dataconnect\": could not find dataconnect.yaml in `c:\\Users\\Omer Cohen\\wizbi\\wizbi-cp\\dataconnect`\n"}}
[debug] [2026-02-12T15:03:51.785Z] E0212 17:03:51.784874   14324 watch.go:40] Failed to load config from "c:\\Users\\Omer Cohen\\wizbi\\wizbi-cp\\dataconnect": could not find dataconnect.yaml in `c:\Users\Omer Cohen\wizbi\wizbi-cp\dataconnect`
 {"metadata":{"emulator":{"name":"dataconnect"},"message":"E0212 17:03:51.784874   14324 watch.go:40] Failed to load config from \"c:\\\\Users\\\\Omer Cohen\\\\wizbi\\\\wizbi-cp\\\\dataconnect\": could not find dataconnect.yaml in `c:\\Users\\Omer Cohen\\wizbi\\wizbi-cp\\dataconnect`\n"}}
[debug] [2026-02-12T15:04:01.785Z] E0212 17:04:01.785000   14324 watch.go:40] Failed to load config from "c:\\Users\\Omer Cohen\\wizbi\\wizbi-cp\\dataconnect": could not find dataconnect.yaml in `c:\Users\Omer Cohen\wizbi\wizbi-cp\dataconnect`
 {"metadata":{"emulator":{"name":"dataconnect"},"message":"E0212 17:04:01.785000   14324 watch.go:40] Failed to load config from \"c:\\\\Users\\\\Omer Cohen\\\\wizbi\\\\wizbi-cp\\\\dataconnect\": could not find dataconnect.yaml in `c:\\Users\\Omer Cohen\\wizbi\\wizbi-cp\\dataconnect`\n"}}
[debug] [2026-02-12T15:04:15.122Z] E0212 17:04:11.788998   14324 watch.go:40] Failed to load config from "c:\\Users\\Omer Cohen\\wizbi\\wizbi-cp\\dataconnect": could not find dataconnect.yaml in `c:\Users\Omer Cohen\wizbi\wizbi-cp\dataconnect`
 {"metadata":{"emulator":{"name":"dataconnect"},"message":"E0212 17:04:11.788998   14324 watch.go:40] Failed to load config from \"c:\\\\Users\\\\Omer Cohen\\\\wizbi\\\\wizbi-cp\\\\dataconnect\": could not find dataconnect.yaml in `c:\\Users\\Omer Cohen\\wizbi\\wizbi-cp\\dataconnect`\n"}}
[debug] [2026-02-12T15:04:21.785Z] E0212 17:04:21.785161   14324 watch.go:116] watchAllDir unable to walk dir `c:\Users\Omer Cohen\wizbi\wizbi-cp\dataconnect`: CreateFile c:\Users\Omer Cohen\wizbi\wizbi-cp\dataconnect: The system cannot find the file specified.
E0212 17:04:21.786002   14324 watch.go:40] Failed to load config from "c:\\Users\\Omer Cohen\\wizbi\\wizbi-cp\\dataconnect": could not find dataconnect.yaml in `c:\Users\Omer Cohen\wizbi\wizbi-cp\dataconnect`
 {"metadata":{"emulator":{"name":"dataconnect"},"message":"E0212 17:04:21.785161   14324 watch.go:116] watchAllDir unable to walk dir `c:\\Users\\Omer Cohen\\wizbi\\wizbi-cp\\dataconnect`: CreateFile c:\\Users\\Omer Cohen\\wizbi\\wizbi-cp\\dataconnect: The system cannot find the file specified.\nE0212 17:04:21.786002   14324 watch.go:40] Failed to load config from \"c:\\\\Users\\\\Omer Cohen\\\\wizbi\\\\wizbi-cp\\\\dataconnect\": could not find dataconnect.yaml in `c:\\Users\\Omer Cohen\\wizbi\\wizbi-cp\\dataconnect`\n"}}
[debug] [2026-02-12T15:04:31.785Z] E0212 17:04:31.785215   14324 watch.go:40] Failed to load config from "c:\\Users\\Omer Cohen\\wizbi\\wizbi-cp\\dataconnect": could not find dataconnect.yaml in `c:\Users\Omer Cohen\wizbi\wizbi-cp\dataconnect`
 {"metadata":{"emulator":{"name":"dataconnect"},"message":"E0212 17:04:31.785215   14324 watch.go:40] Failed to load config from \"c:\\\\Users\\\\Omer Cohen\\\\wizbi\\\\wizbi-cp\\\\dataconnect\": could not find dataconnect.yaml in `c:\\Users\\Omer Cohen\\wizbi\\wizbi-cp\\dataconnect`\n"}}
[debug] [2026-02-12T15:04:41.785Z] E0212 17:04:41.785124   14324 watch.go:40] Failed to load config from "c:\\Users\\Omer Cohen\\wizbi\\wizbi-cp\\dataconnect": could not find dataconnect.yaml in `c:\Users\Omer Cohen\wizbi\wizbi-cp\dataconnect`
 {"metadata":{"emulator":{"name":"dataconnect"},"message":"E0212 17:04:41.785124   14324 watch.go:40] Failed to load config from \"c:\\\\Users\\\\Omer Cohen\\\\wizbi\\\\wizbi-cp\\\\dataconnect\": could not find dataconnect.yaml in `c:\\Users\\Omer Cohen\\wizbi\\wizbi-cp\\dataconnect`\n"}}
[debug] [2026-02-12T15:04:51.787Z] E0212 17:04:51.786430   14324 watch.go:40] Failed to load config from "c:\\Users\\Omer Cohen\\wizbi\\wizbi-cp\\dataconnect": could not find dataconnect.yaml in `c:\Users\Omer Cohen\wizbi\wizbi-cp\dataconnect`
 {"metadata":{"emulator":{"name":"dataconnect"},"message":"E0212 17:04:51.786430   14324 watch.go:40] Failed to load config from \"c:\\\\Users\\\\Omer Cohen\\\\wizbi\\\\wizbi-cp\\\\dataconnect\": could not find dataconnect.yaml in `c:\\Users\\Omer Cohen\\wizbi\\wizbi-cp\\dataconnect`\n"}}
[debug] [2026-02-12T15:05:01.785Z] E0212 17:05:01.784688   14324 watch.go:40] Failed to load config from "c:\\Users\\Omer Cohen\\wizbi\\wizbi-cp\\dataconnect": could not find dataconnect.yaml in `c:\Users\Omer Cohen\wizbi\wizbi-cp\dataconnect`
 {"metadata":{"emulator":{"name":"dataconnect"},"message":"E0212 17:05:01.784688   14324 watch.go:40] Failed to load config from \"c:\\\\Users\\\\Omer Cohen\\\\wizbi\\\\wizbi-cp\\\\dataconnect\": could not find dataconnect.yaml in `c:\\Users\\Omer Cohen\\wizbi\\wizbi-cp\\dataconnect`\n"}}
[debug] [2026-02-12T15:05:11.785Z] E0212 17:05:11.785124   14324 watch.go:40] Failed to load config from "c:\\Users\\Omer Cohen\\wizbi\\wizbi-cp\\dataconnect": could not find dataconnect.yaml in `c:\Users\Omer Cohen\wizbi\wizbi-cp\dataconnect`
 {"metadata":{"emulator":{"name":"dataconnect"},"message":"E0212 17:05:11.785124   14324 watch.go:40] Failed to load config from \"c:\\\\Users\\\\Omer Cohen\\\\wizbi\\\\wizbi-cp\\\\dataconnect\": could not find dataconnect.yaml in `c:\\Users\\Omer Cohen\\wizbi\\wizbi-cp\\dataconnect`\n"}}
[debug] [2026-02-12T15:05:21.785Z] E0212 17:05:21.784845   14324 watch.go:116] watchAllDir unable to walk dir `c:\Users\Omer Cohen\wizbi\wizbi-cp\dataconnect`: CreateFile c:\Users\Omer Cohen\wizbi\wizbi-cp\dataconnect: The system cannot find the file specified.
 {"metadata":{"emulator":{"name":"dataconnect"},"message":"E0212 17:05:21.784845   14324 watch.go:116] watchAllDir unable to walk dir `c:\\Users\\Omer Cohen\\wizbi\\wizbi-cp\\dataconnect`: CreateFile c:\\Users\\Omer Cohen\\wizbi\\wizbi-cp\\dataconnect: The system cannot find the file specified.\n"}}
[debug] [2026-02-12T15:05:21.786Z] E0212 17:05:21.785485   14324 watch.go:40] Failed to load config from "c:\\Users\\Omer Cohen\\wizbi\\wizbi-cp\\dataconnect": could not find dataconnect.yaml in `c:\Users\Omer Cohen\wizbi\wizbi-cp\dataconnect`
 {"metadata":{"emulator":{"name":"dataconnect"},"message":"E0212 17:05:21.785485   14324 watch.go:40] Failed to load config from \"c:\\\\Users\\\\Omer Cohen\\\\wizbi\\\\wizbi-cp\\\\dataconnect\": could not find dataconnect.yaml in `c:\\Users\\Omer Cohen\\wizbi\\wizbi-cp\\dataconnect`\n"}}
[debug] [2026-02-12T15:05:31.787Z] E0212 17:05:31.787129   14324 watch.go:40] Failed to load config from "c:\\Users\\Omer Cohen\\wizbi\\wizbi-cp\\dataconnect": could not find dataconnect.yaml in `c:\Users\Omer Cohen\wizbi\wizbi-cp\dataconnect`
 {"metadata":{"emulator":{"name":"dataconnect"},"message":"E0212 17:05:31.787129   14324 watch.go:40] Failed to load config from \"c:\\\\Users\\\\Omer Cohen\\\\wizbi\\\\wizbi-cp\\\\dataconnect\": could not find dataconnect.yaml in `c:\\Users\\Omer Cohen\\wizbi\\wizbi-cp\\dataconnect`\n"}}
[debug] [2026-02-12T15:05:41.785Z] E0212 17:05:41.785532   14324 watch.go:40] Failed to load config from "c:\\Users\\Omer Cohen\\wizbi\\wizbi-cp\\dataconnect": could not find dataconnect.yaml in `c:\Users\Omer Cohen\wizbi\wizbi-cp\dataconnect`
 {"metadata":{"emulator":{"name":"dataconnect"},"message":"E0212 17:05:41.785532   14324 watch.go:40] Failed to load config from \"c:\\\\Users\\\\Omer Cohen\\\\wizbi\\\\wizbi-cp\\\\dataconnect\": could not find dataconnect.yaml in `c:\\Users\\Omer Cohen\\wizbi\\wizbi-cp\\dataconnect`\n"}}
[debug] [2026-02-12T15:05:51.785Z] E0212 17:05:51.784814   14324 watch.go:40] Failed to load config from "c:\\Users\\Omer Cohen\\wizbi\\wizbi-cp\\dataconnect": could not find dataconnect.yaml in `c:\Users\Omer Cohen\wizbi\wizbi-cp\dataconnect`
 {"metadata":{"emulator":{"name":"dataconnect"},"message":"E0212 17:05:51.784814   14324 watch.go:40] Failed to load config from \"c:\\\\Users\\\\Omer Cohen\\\\wizbi\\\\wizbi-cp\\\\dataconnect\": could not find dataconnect.yaml in `c:\\Users\\Omer Cohen\\wizbi\\wizbi-cp\\dataconnect`\n"}}
[debug] [2026-02-12T15:06:01.784Z] E0212 17:06:01.784459   14324 watch.go:40] Failed to load config from "c:\\Users\\Omer Cohen\\wizbi\\wizbi-cp\\dataconnect": could not find dataconnect.yaml in `c:\Users\Omer Cohen\wizbi\wizbi-cp\dataconnect`
 {"metadata":{"emulator":{"name":"dataconnect"},"message":"E0212 17:06:01.784459   14324 watch.go:40] Failed to load config from \"c:\\\\Users\\\\Omer Cohen\\\\wizbi\\\\wizbi-cp\\\\dataconnect\": could not find dataconnect.yaml in `c:\\Users\\Omer Cohen\\wizbi\\wizbi-cp\\dataconnect`\n"}}
[debug] [2026-02-12T15:06:11.785Z] E0212 17:06:11.784760   14324 watch.go:40] Failed to load config from "c:\\Users\\Omer Cohen\\wizbi\\wizbi-cp\\dataconnect": could not find dataconnect.yaml in `c:\Users\Omer Cohen\wizbi\wizbi-cp\dataconnect`
 {"metadata":{"emulator":{"name":"dataconnect"},"message":"E0212 17:06:11.784760   14324 watch.go:40] Failed to load config from \"c:\\\\Users\\\\Omer Cohen\\\\wizbi\\\\wizbi-cp\\\\dataconnect\": could not find dataconnect.yaml in `c:\\Users\\Omer Cohen\\wizbi\\wizbi-cp\\dataconnect`\n"}}
[debug] [2026-02-12T15:06:21.784Z] E0212 17:06:21.784625   14324 watch.go:40] Failed to load config from "c:\\Users\\Omer Cohen\\wizbi\\wizbi-cp\\dataconnect": could not find dataconnect.yaml in `c:\Users\Omer Cohen\wizbi\wizbi-cp\dataconnect`
E0212 17:06:21.784625   14324 watch.go:116] watchAllDir unable to walk dir `c:\Users\Omer Cohen\wizbi\wizbi-cp\dataconnect`: CreateFile c:\Users\Omer Cohen\wizbi\wizbi-cp\dataconnect: The system cannot find the file specified.
 {"metadata":{"emulator":{"name":"dataconnect"},"message":"E0212 17:06:21.784625   14324 watch.go:40] Failed to load config from \"c:\\\\Users\\\\Omer Cohen\\\\wizbi\\\\wizbi-cp\\\\dataconnect\": could not find dataconnect.yaml in `c:\\Users\\Omer Cohen\\wizbi\\wizbi-cp\\dataconnect`\nE0212 17:06:21.784625   14324 watch.go:116] watchAllDir unable to walk dir `c:\\Users\\Omer Cohen\\wizbi\\wizbi-cp\\dataconnect`: CreateFile c:\\Users\\Omer Cohen\\wizbi\\wizbi-cp\\dataconnect: The system cannot find the file specified.\n"}}
[debug] [2026-02-12T15:06:31.785Z] E0212 17:06:31.784893   14324 watch.go:40] Failed to load config from "c:\\Users\\Omer Cohen\\wizbi\\wizbi-cp\\dataconnect": could not find dataconnect.yaml in `c:\Users\Omer Cohen\wizbi\wizbi-cp\dataconnect`
 {"metadata":{"emulator":{"name":"dataconnect"},"message":"E0212 17:06:31.784893   14324 watch.go:40] Failed to load config from \"c:\\\\Users\\\\Omer Cohen\\\\wizbi\\\\wizbi-cp\\\\dataconnect\": could not find dataconnect.yaml in `c:\\Users\\Omer Cohen\\wizbi\\wizbi-cp\\dataconnect`\n"}}
